#
# There is insufficient memory for the Java Runtime Environment to continue.
# Native memory allocation (malloc) failed to allocate 148897792 bytes for committing reserved memory.
# Possible reasons:
#   The system is out of physical RAM or swap space
#   In 32 bit mode, the process size limit was hit
# Possible solutions:
#   Reduce memory load on the system
#   Increase physical memory or swap space
#   Check if swap backing store is full
#   Use 64 bit Java on a 64 bit OS
#   Decrease Java heap size (-Xmx/-Xms)
#   Decrease number of Java threads
#   Decrease Java thread stack sizes (-Xss)
#   Set larger code cache with -XX:ReservedCodeCacheSize=
# This output file may be truncated or incomplete.
#
#  Out of Memory Error (os_linux.cpp:2756), pid=18577, tid=139999838570240
#
# JRE version: Java(TM) SE Runtime Environment (7.0_80-b15) (build 1.7.0_80-b15)
# Java VM: Java HotSpot(TM) 64-Bit Server VM (24.80-b11 mixed mode linux-amd64 compressed oops)
# Failed to write core dump. Core dumps have been disabled. To enable core dumping, try "ulimit -c unlimited" before starting Java again
#

---------------  T H R E A D  ---------------

Current thread (0x00007f543c06a000):  VMThread [stack: 0x00007f5440958000,0x00007f5440a59000] [id=18588]

Stack: [0x00007f5440958000,0x00007f5440a59000],  sp=0x00007f5440a57100,  free space=1020k
Native frames: (J=compiled Java code, j=interpreted, Vv=VM code, C=native code)
V  [libjvm.so+0x9a320a]  VMError::report_and_die()+0x2ea
V  [libjvm.so+0x498d3b]  report_vm_out_of_memory(char const*, int, unsigned long, char const*)+0x9b
V  [libjvm.so+0x82191e]  os::Linux::commit_memory_impl(char*, unsigned long, bool)+0xfe
V  [libjvm.so+0x821e69]  os::pd_commit_memory(char*, unsigned long, unsigned long, bool)+0x29
V  [libjvm.so+0x81bb6a]  os::commit_memory(char*, unsigned long, unsigned long, bool)+0x2a
V  [libjvm.so+0x88d623]  PSVirtualSpace::expand_by(unsigned long)+0x53
V  [libjvm.so+0x88e9f8]  PSYoungGen::resize_generation(unsigned long, unsigned long)+0xf8
V  [libjvm.so+0x88db62]  PSYoungGen::resize(unsigned long, unsigned long)+0x22
V  [libjvm.so+0x88af1d]  PSScavenge::invoke_no_policy()+0xf3d
V  [libjvm.so+0x88b761]  PSScavenge::invoke()+0x41
V  [libjvm.so+0x843f40]  ParallelScavengeHeap::failed_mem_allocate(unsigned long)+0x70
V  [libjvm.so+0x9a4a97]  VM_ParallelGCFailedAllocation::doit()+0x97
V  [libjvm.so+0x9abf35]  VM_Operation::evaluate()+0x55
V  [libjvm.so+0x9aa2fa]  VMThread::evaluate_operation(VM_Operation*)+0xba
V  [libjvm.so+0x9aa67e]  VMThread::loop()+0x1ce
V  [libjvm.so+0x9aaaf0]  VMThread::run()+0x70
V  [libjvm.so+0x8238c8]  java_start(Thread*)+0x108

VM_Operation (0x00007f5438efcef0): ParallelGCFailedAllocation, mode: safepoint, requested by thread 0x00007f543c13a000


---------------  P R O C E S S  ---------------

Java Threads: ( => current thread )
  0x00007f543c14c000 JavaThread "pool-2-thread-4" [_thread_blocked, id=18600, stack(0x00007f54389fa000,0x00007f5438afb000)]
  0x00007f543c144800 JavaThread "pool-2-thread-3" [_thread_blocked, id=18599, stack(0x00007f5438afb000,0x00007f5438bfc000)]
  0x00007f543c140000 JavaThread "pool-2-thread-2" [_thread_blocked, id=18598, stack(0x00007f5438bfc000,0x00007f5438cfd000)]
  0x00007f543c13b800 JavaThread "pool-3-thread-1" [_thread_blocked, id=18597, stack(0x00007f5438cfd000,0x00007f5438dfe000)]
  0x00007f543c13a000 JavaThread "pool-2-thread-1" [_thread_blocked, id=18596, stack(0x00007f5438dfe000,0x00007f5438eff000)]
  0x00007f543c099000 JavaThread "Service Thread" daemon [_thread_blocked, id=18594, stack(0x00007f544007a000,0x00007f544017b000)]
  0x00007f543c096800 JavaThread "C2 CompilerThread1" daemon [_thread_blocked, id=18593, stack(0x00007f544017b000,0x00007f544027c000)]
  0x00007f543c093800 JavaThread "C2 CompilerThread0" daemon [_thread_blocked, id=18592, stack(0x00007f544027c000,0x00007f544037d000)]
  0x00007f543c091800 JavaThread "Signal Dispatcher" daemon [_thread_blocked, id=18591, stack(0x00007f544037d000,0x00007f544047e000)]
  0x00007f543c070000 JavaThread "Finalizer" daemon [_thread_blocked, id=18590, stack(0x00007f5440756000,0x00007f5440857000)]
  0x00007f543c06e000 JavaThread "Reference Handler" daemon [_thread_blocked, id=18589, stack(0x00007f5440857000,0x00007f5440958000)]
  0x00007f543c00a000 JavaThread "main" [_thread_blocked, id=18583, stack(0x00007f54453f6000,0x00007f54454f7000)]

Other Threads:
=>0x00007f543c06a000 VMThread [stack: 0x00007f5440958000,0x00007f5440a59000] [id=18588]
  0x00007f543c0a3800 WatcherThread [stack: 0x00007f5438eff000,0x00007f5439000000] [id=18595]

VM state:at safepoint (normal execution)

VM Mutex/Monitor currently owned by a thread:  ([mutex/lock_event])
[0x00007f543c006660] Threads_lock - owner thread: 0x00007f543c06a000
[0x00007f543c006b60] Heap_lock - owner thread: 0x00007f543c13a000

Heap
 PSYoungGen      total 127488K, used 4578K [0x00000000eaa80000, 0x00000000f2b80000, 0x0000000100000000)
  eden space 122880K, 0% used [0x00000000eaa80000,0x00000000eaa80000,0x00000000f2280000)
  from space 4608K, 99% used [0x00000000f2280000,0x00000000f26f8ac0,0x00000000f2700000)
  to   space 4608K, 0% used [0x00000000f2700000,0x00000000f2700000,0x00000000f2b80000)
 ParOldGen       total 120320K, used 63138K [0x00000000c0000000, 0x00000000c7580000, 0x00000000eaa80000)
  object space 120320K, 52% used [0x00000000c0000000,0x00000000c3da8b60,0x00000000c7580000)
 PSPermGen       total 21504K, used 5550K [0x00000000bae00000, 0x00000000bc300000, 0x00000000c0000000)
  object space 21504K, 25% used [0x00000000bae00000,0x00000000bb36ba80,0x00000000bc300000)

Card table byte_map: [0x00007f54424bd000,0x00007f54426e7000] byte_map_base: 0x00007f5441ee6000

Polling page: 0x00007f5445524000

Code Cache  [0x00007f5439000000, 0x00007f5439270000, 0x00007f543c000000)
 total_blobs=729 nmethods=515 adapters=166 free_code_cache=47306Kb largest_free_block=48412544

Compilation events (10 events):
Event: 20.004 Thread 0x00007f543c093800 nmethod 525 0x00007f54391cf790 code [0x00007f54391cf920, 0x00007f54391cfc38]
Event: 20.004 Thread 0x00007f543c093800  530             com.android.dx.ssa.SsaRenamer::access$108 (12 bytes)
Event: 20.005 Thread 0x00007f543c093800 nmethod 530 0x00007f54391d0290 code [0x00007f54391d03c0, 0x00007f54391d0418]
Event: 20.005 Thread 0x00007f543c093800  531             com.android.dx.ssa.back.FirstFitLocalCombiningAllocator::tryMapRegs (110 bytes)
Event: 20.005 Thread 0x00007f543c096800 nmethod 529 0x00007f54391cf490 code [0x00007f54391cf5e0, 0x00007f54391cf6a8]
Event: 20.005 Thread 0x00007f543c096800  532             com.android.dx.rop.cst.CstMemberRef::getDefiningClass (5 bytes)
Event: 20.006 Thread 0x00007f543c096800 nmethod 532 0x00007f54391cf290 code [0x00007f54391cf3c0, 0x00007f54391cf418]
Event: 20.006 Thread 0x00007f543c096800  533             com.android.dx.ssa.back.LivenessAnalyzer::constructInterferenceGraph (47 bytes)
Event: 20.608 Thread 0x00007f543c096800 nmethod 533 0x00007f54391d2050 code [0x00007f54391d2200, 0x00007f54391d2788]
Event: 20.609 Thread 0x00007f543c096800  534             com.android.dx.ssa.back.FirstFitLocalCombiningAllocator::handleUnassociatedParameters (60 bytes)

GC Heap History (10 events):
Event: 3.522 GC heap after
Heap after GC invocations=1 (full 0):
 PSYoungGen      total 35328K, used 4582K [0x00000000eaa80000, 0x00000000eef80000, 0x0000000100000000)
  eden space 30720K, 0% used [0x00000000eaa80000,0x00000000eaa80000,0x00000000ec880000)
  from space 4608K, 99% used [0x00000000ec880000,0x00000000eccf99d0,0x00000000ecd00000)
  to   space 4608K, 0% used [0x00000000eeb00000,0x00000000eeb00000,0x00000000eef80000)
 ParOldGen       total 79360K, used 5032K [0x00000000c0000000, 0x00000000c4d80000, 0x00000000eaa80000)
  object space 79360K, 6% used [0x00000000c0000000,0x00000000c04ea218,0x00000000c4d80000)
 PSPermGen       total 21504K, used 5317K [0x00000000bae00000, 0x00000000bc300000, 0x00000000c0000000)
  object space 21504K, 24% used [0x00000000bae00000,0x00000000bb3317b8,0x00000000bc300000)
}
Event: 4.627 GC heap before
{Heap before GC invocations=2 (full 0):
 PSYoungGen      total 35328K, used 35302K [0x00000000eaa80000, 0x00000000eef80000, 0x0000000100000000)
  eden space 30720K, 100% used [0x00000000eaa80000,0x00000000ec880000,0x00000000ec880000)
  from space 4608K, 99% used [0x00000000ec880000,0x00000000eccf99d0,0x00000000ecd00000)
  to   space 4608K, 0% used [0x00000000eeb00000,0x00000000eeb00000,0x00000000eef80000)
 ParOldGen       total 79360K, used 5032K [0x00000000c0000000, 0x00000000c4d80000, 0x00000000eaa80000)
  object space 79360K, 6% used [0x00000000c0000000,0x00000000c04ea218,0x00000000c4d80000)
 PSPermGen       total 21504K, used 5426K [0x00000000bae00000, 0x00000000bc300000, 0x00000000c0000000)
  object space 21504K, 25% used [0x00000000bae00000,0x00000000bb34cb70,0x00000000bc300000)
Event: 4.686 GC heap after
Heap after GC invocations=2 (full 0):
 PSYoungGen      total 66048K, used 4579K [0x00000000eaa80000, 0x00000000eef80000, 0x0000000100000000)
  eden space 61440K, 0% used [0x00000000eaa80000,0x00000000eaa80000,0x00000000ee680000)
  from space 4608K, 99% used [0x00000000eeb00000,0x00000000eef78d88,0x00000000eef80000)
  to   space 4608K, 0% used [0x00000000ee680000,0x00000000ee680000,0x00000000eeb00000)
 ParOldGen       total 79360K, used 19280K [0x00000000c0000000, 0x00000000c4d80000, 0x00000000eaa80000)
  object space 79360K, 24% used [0x00000000c0000000,0x00000000c12d42b8,0x00000000c4d80000)
 PSPermGen       total 21504K, used 5426K [0x00000000bae00000, 0x00000000bc300000, 0x00000000c0000000)
  object space 21504K, 25% used [0x00000000bae00000,0x00000000bb34cb70,0x00000000bc300000)
}
Event: 8.430 GC heap before
{Heap before GC invocations=3 (full 0):
 PSYoungGen      total 66048K, used 66019K [0x00000000eaa80000, 0x00000000eef80000, 0x0000000100000000)
  eden space 61440K, 100% used [0x00000000eaa80000,0x00000000ee680000,0x00000000ee680000)
  from space 4608K, 99% used [0x00000000eeb00000,0x00000000eef78d88,0x00000000eef80000)
  to   space 4608K, 0% used [0x00000000ee680000,0x00000000ee680000,0x00000000eeb00000)
 ParOldGen       total 79360K, used 19280K [0x00000000c0000000, 0x00000000c4d80000, 0x00000000eaa80000)
  object space 79360K, 24% used [0x00000000c0000000,0x00000000c12d42b8,0x00000000c4d80000)
 PSPermGen       total 21504K, used 5476K [0x00000000bae00000, 0x00000000bc300000, 0x00000000c0000000)
  object space 21504K, 25% used [0x00000000bae00000,0x00000000bb3590c0,0x00000000bc300000)
Event: 9.415 GC heap after
Heap after GC invocations=3 (full 0):
 PSYoungGen      total 66048K, used 4576K [0x00000000eaa80000, 0x00000000f2b80000, 0x0000000100000000)
  eden space 61440K, 0% used [0x00000000eaa80000,0x00000000eaa80000,0x00000000ee680000)
  from space 4608K, 99% used [0x00000000ee680000,0x00000000eeaf8238,0x00000000eeb00000)
  to   space 4608K, 0% used [0x00000000f2700000,0x00000000f2700000,0x00000000f2b80000)
 ParOldGen       total 79360K, used 41027K [0x00000000c0000000, 0x00000000c4d80000, 0x00000000eaa80000)
  object space 79360K, 51% used [0x00000000c0000000,0x00000000c2810cd8,0x00000000c4d80000)
 PSPermGen       total 21504K, used 5476K [0x00000000bae00000, 0x00000000bc300000, 0x00000000c0000000)
  object space 21504K, 25% used [0x00000000bae00000,0x00000000bb3590c0,0x00000000bc300000)
}
Event: 11.669 GC heap before
{Heap before GC invocations=4 (full 0):
 PSYoungGen      total 66048K, used 66016K [0x00000000eaa80000, 0x00000000f2b80000, 0x0000000100000000)
  eden space 61440K, 100% used [0x00000000eaa80000,0x00000000ee680000,0x00000000ee680000)
  from space 4608K, 99% used [0x00000000ee680000,0x00000000eeaf8238,0x00000000eeb00000)
  to   space 4608K, 0% used [0x00000000f2700000,0x00000000f2700000,0x00000000f2b80000)
 ParOldGen       total 79360K, used 41027K [0x00000000c0000000, 0x00000000c4d80000, 0x00000000eaa80000)
  object space 79360K, 51% used [0x00000000c0000000,0x00000000c2810cd8,0x00000000c4d80000)
 PSPermGen       total 21504K, used 5517K [0x00000000bae00000, 0x00000000bc300000, 0x00000000c0000000)
  object space 21504K, 25% used [0x00000000bae00000,0x00000000bb363790,0x00000000bc300000)
Event: 12.266 GC heap after
Heap after GC invocations=4 (full 0):
 PSYoungGen      total 127488K, used 4605K [0x00000000eaa80000, 0x00000000f2b80000, 0x0000000100000000)
  eden space 122880K, 0% used [0x00000000eaa80000,0x00000000eaa80000,0x00000000f2280000)
  from space 4608K, 99% used [0x00000000f2700000,0x00000000f2b7f548,0x00000000f2b80000)
  to   space 4608K, 0% used [0x00000000f2280000,0x00000000f2280000,0x00000000f2700000)
 ParOldGen       total 79360K, used 64214K [0x00000000c0000000, 0x00000000c4d80000, 0x00000000eaa80000)
  object space 79360K, 80% used [0x00000000c0000000,0x00000000c3eb5a88,0x00000000c4d80000)
 PSPermGen       total 21504K, used 5517K [0x00000000bae00000, 0x00000000bc300000, 0x00000000c0000000)
  object space 21504K, 25% used [0x00000000bae00000,0x00000000bb363790,0x00000000bc300000)
}
Event: 12.266 GC heap before
{Heap before GC invocations=5 (full 1):
 PSYoungGen      total 127488K, used 4605K [0x00000000eaa80000, 0x00000000f2b80000, 0x0000000100000000)
  eden space 122880K, 0% used [0x00000000eaa80000,0x00000000eaa80000,0x00000000f2280000)
  from space 4608K, 99% used [0x00000000f2700000,0x00000000f2b7f548,0x00000000f2b80000)
  to   space 4608K, 0% used [0x00000000f2280000,0x00000000f2280000,0x00000000f2700000)
 ParOldGen       total 79360K, used 64214K [0x00000000c0000000, 0x00000000c4d80000, 0x00000000eaa80000)
  object space 79360K, 80% used [0x00000000c0000000,0x00000000c3eb5a88,0x00000000c4d80000)
 PSPermGen       total 21504K, used 5517K [0x00000000bae00000, 0x00000000bc300000, 0x00000000c0000000)
  object space 21504K, 25% used [0x00000000bae00000,0x00000000bb363790,0x00000000bc300000)
Event: 13.264 GC heap after
Heap after GC invocations=5 (full 1):
 PSYoungGen      total 127488K, used 0K [0x00000000eaa80000, 0x00000000f2b80000, 0x0000000100000000)
  eden space 122880K, 0% used [0x00000000eaa80000,0x00000000eaa80000,0x00000000f2280000)
  from space 4608K, 0% used [0x00000000f2700000,0x00000000f2700000,0x00000000f2b80000)
  to   space 4608K, 0% used [0x00000000f2280000,0x00000000f2280000,0x00000000f2700000)
 ParOldGen       total 120320K, used 43479K [0x00000000c0000000, 0x00000000c7580000, 0x00000000eaa80000)
  object space 120320K, 36% used [0x00000000c0000000,0x00000000c2a75f78,0x00000000c7580000)
 PSPermGen       total 21504K, used 5515K [0x00000000bae00000, 0x00000000bc300000, 0x00000000c0000000)
  object space 21504K, 25% used [0x00000000bae00000,0x00000000bb362e40,0x00000000bc300000)
}
Event: 23.228 GC heap before
{Heap before GC invocations=6 (full 1):
 PSYoungGen      total 127488K, used 122880K [0x00000000eaa80000, 0x00000000f2b80000, 0x0000000100000000)
  eden space 122880K, 100% used [0x00000000eaa80000,0x00000000f2280000,0x00000000f2280000)
  from space 4608K, 0% used [0x00000000f2700000,0x00000000f2700000,0x00000000f2b80000)
  to   space 4608K, 0% used [0x00000000f2280000,0x00000000f2280000,0x00000000f2700000)
 ParOldGen       total 120320K, used 43479K [0x00000000c0000000, 0x00000000c7580000, 0x00000000eaa80000)
  object space 120320K, 36% used [0x00000000c0000000,0x00000000c2a75f78,0x00000000c7580000)
 PSPermGen       total 21504K, used 5550K [0x00000000bae00000, 0x00000000bc300000, 0x00000000c0000000)
  object space 21504K, 25% used [0x00000000bae00000,0x00000000bb36ba80,0x00000000bc300000)

Deoptimization events (10 events):
Event: 5.847 Thread 0x00007f543c00a000 Uncommon trap: reason=unloaded action=reinterpret pc=0x00007f5439075688 method=com.android.dx.cf.cst.ConstantPoolParser.parse0(ILjava/util/BitSet;)Lcom/android/dx/rop/cst/Constant; @ 198
Event: 5.949 Thread 0x00007f543c13a000 Uncommon trap: reason=class_check action=maybe_recompile pc=0x00007f54390b1f58 method=com.android.dx.ssa.SsaConverter.placePhiFunctions(Lcom/android/dx/ssa/SsaMethod;Lcom/android/dx/ssa/LocalVariableInfo;I)V @ 257
Event: 10.396 Thread 0x00007f543c144800 Uncommon trap: reason=class_check action=maybe_recompile pc=0x00007f54390b1f58 method=com.android.dx.ssa.SsaConverter.placePhiFunctions(Lcom/android/dx/ssa/SsaMethod;Lcom/android/dx/ssa/LocalVariableInfo;I)V @ 257
Event: 10.925 Thread 0x00007f543c00a000 Uncommon trap: reason=unstable_if action=reinterpret pc=0x00007f5439091ef8 method=com.android.dx.rop.code.RegisterSpec.equals(ILcom/android/dx/rop/type/TypeBearer;Lcom/android/dx/rop/code/LocalItem;)Z @ 42
Event: 10.995 Thread 0x00007f543c00a000 Uncommon trap: reason=unstable_if action=reinterpret pc=0x00007f543910c590 method=java.util.BitSet.clone()Ljava/lang/Object; @ 4
Event: 11.023 Thread 0x00007f543c14c000 Uncommon trap: reason=class_check action=maybe_recompile pc=0x00007f54390abdf8 method=java.util.HashMap.put(Ljava/lang/Object;Ljava/lang/Object;)Ljava/lang/Object; @ 83
Event: 11.111 Thread 0x00007f543c14c000 Uncommon trap: reason=unstable_if action=reinterpret pc=0x00007f5439103368 method=com.android.dx.cf.code.RopperMachine.run(Lcom/android/dx/cf/code/Frame;II)V @ 1019
Event: 15.124 Thread 0x00007f543c144800 Uncommon trap: reason=unstable_if action=reinterpret pc=0x00007f54390eaea0 method=com.android.dx.ssa.SsaRenamer$BlockRenamer.process()V @ 90
Event: 20.051 Thread 0x00007f543c140000 Uncommon trap: reason=unstable_if action=reinterpret pc=0x00007f543911daec method=java.util.BitSet.ensureCapacity(I)V @ 6
Event: 22.183 Thread 0x00007f543c140000 Uncommon trap: reason=class_check action=maybe_recompile pc=0x00007f54390abdf8 method=java.util.HashMap.put(Ljava/lang/Object;Ljava/lang/Object;)Ljava/lang/Object; @ 83

Internal exceptions (10 events):
Event: 4.600 Thread 0x00007f543c14c000 Threw 0x00000000ec7bce60 at /HUDSON/workspace/7u-2-build-linux-amd64/jdk7u80/2329/hotspot/src/share/vm/prims/jvm.cpp:1319
Event: 4.803 Thread 0x00007f543c00a000 Threw 0x00000000eaaedd10 at /HUDSON/workspace/7u-2-build-linux-amd64/jdk7u80/2329/hotspot/src/share/vm/prims/jvm.cpp:1319
Event: 4.804 Thread 0x00007f543c00a000 Threw 0x00000000eaaf01f0 at /HUDSON/workspace/7u-2-build-linux-amd64/jdk7u80/2329/hotspot/src/share/vm/prims/jvm.cpp:1319
Event: 4.839 Thread 0x00007f543c00a000 Threw 0x00000000eab0c988 at /HUDSON/workspace/7u-2-build-linux-amd64/jdk7u80/2329/hotspot/src/share/vm/prims/jvm.cpp:1319
Event: 5.278 Thread 0x00007f543c00a000 Threw 0x00000000eba12ea0 at /HUDSON/workspace/7u-2-build-linux-amd64/jdk7u80/2329/hotspot/src/share/vm/prims/jvm.cpp:1319
Event: 6.077 Thread 0x00007f543c13a000 Threw 0x00000000eddaa138 at /HUDSON/workspace/7u-2-build-linux-amd64/jdk7u80/2329/hotspot/src/share/vm/prims/jvm.cpp:1319
Event: 10.292 Thread 0x00007f543c14c000 Threw 0x00000000ec19dfe8 at /HUDSON/workspace/7u-2-build-linux-amd64/jdk7u80/2329/hotspot/src/share/vm/prims/jvm.cpp:1319
Event: 10.576 Thread 0x00007f543c140000 Threw 0x00000000ece1f028 at /HUDSON/workspace/7u-2-build-linux-amd64/jdk7u80/2329/hotspot/src/share/vm/prims/jvm.cpp:1319
Event: 10.577 Thread 0x00007f543c140000 Threw 0x00000000ece246c0 at /HUDSON/workspace/7u-2-build-linux-amd64/jdk7u80/2329/hotspot/src/share/vm/prims/jvm.cpp:1319
Event: 10.578 Thread 0x00007f543c140000 Threw 0x00000000ece29b00 at /HUDSON/workspace/7u-2-build-linux-amd64/jdk7u80/2329/hotspot/src/share/vm/prims/jvm.cpp:1319

Events (10 events):
Event: 17.951 Thread 0x00007f543c096800 flushing nmethod 0x00007f5439091c10
Event: 17.977 Thread 0x00007f543c096800 flushing nmethod 0x00007f54390b0090
Event: 18.136 Thread 0x00007f543c096800 flushing nmethod 0x00007f5439100a50
Event: 18.136 Thread 0x00007f543c096800 flushing nmethod 0x00007f543910ac90
Event: 19.107 Thread 0x00007f543c096800 flushing nmethod 0x00007f54390ea1d0
Event: 19.947 Thread 0x00007f543c140000 Uncommon trap: trap_request=0xffffff75 fr.pc=0x00007f543911daec
Event: 20.591 Thread 0x00007f543c140000 DEOPT PACKING pc=0x00007f543911daec sp=0x00007f5438cfaf40
Event: 20.636 Thread 0x00007f543c140000 DEOPT UNPACKING pc=0x00007f5439039045 sp=0x00007f5438cfade8 mode 2
Event: 21.719 Executing VM operation: ParallelGCFailedAllocation
Event: 21.964 Thread 0x00007f543c140000 Uncommon trap: trap_request=0xffffffde fr.pc=0x00007f54390abdf8


Dynamic libraries:
00400000-00401000 r-xp 00000000 08:06 3943610                            /usr/lib/jvm/java-7-oracle/bin/java
00600000-00601000 rw-p 00000000 08:06 3943610                            /usr/lib/jvm/java-7-oracle/bin/java
015d8000-015f9000 rw-p 00000000 00:00 0                                  [heap]
bae00000-bc300000 rw-p 00000000 00:00 0 
bc300000-c0000000 rw-p 00000000 00:00 0 
c0000000-c7580000 rw-p 00000000 00:00 0 
c7580000-eaa80000 rw-p 00000000 00:00 0 
eaa80000-f2b80000 rw-p 00000000 00:00 0 
fb980000-100000000 rw-p 00000000 00:00 0 
7f53ec000000-7f53ec021000 rw-p 00000000 00:00 0 
7f53ec021000-7f53f0000000 ---p 00000000 00:00 0 
7f53f0000000-7f53f0021000 rw-p 00000000 00:00 0 
7f53f0021000-7f53f4000000 ---p 00000000 00:00 0 
7f53f4000000-7f53f4021000 rw-p 00000000 00:00 0 
7f53f4021000-7f53f8000000 ---p 00000000 00:00 0 
7f53f8000000-7f53f8068000 rw-p 00000000 00:00 0 
7f53f8068000-7f53fc000000 ---p 00000000 00:00 0 
7f53fc000000-7f53fc021000 rw-p 00000000 00:00 0 
7f53fc021000-7f5400000000 ---p 00000000 00:00 0 
7f5400000000-7f5400021000 rw-p 00000000 00:00 0 
7f5400021000-7f5404000000 ---p 00000000 00:00 0 
7f5404000000-7f540522a000 rw-p 00000000 00:00 0 
7f540522a000-7f5408000000 ---p 00000000 00:00 0 
7f5408000000-7f5408021000 rw-p 00000000 00:00 0 
7f5408021000-7f540c000000 ---p 00000000 00:00 0 
7f540c000000-7f540c021000 rw-p 00000000 00:00 0 
7f540c021000-7f5410000000 ---p 00000000 00:00 0 
7f5410000000-7f54111e2000 rw-p 00000000 00:00 0 
7f54111e2000-7f5414000000 ---p 00000000 00:00 0 
7f5414000000-7f5414021000 rw-p 00000000 00:00 0 
7f5414021000-7f5418000000 ---p 00000000 00:00 0 
7f5418000000-7f5418021000 rw-p 00000000 00:00 0 
7f5418021000-7f541c000000 ---p 00000000 00:00 0 
7f541c000000-7f541c021000 rw-p 00000000 00:00 0 
7f541c021000-7f5420000000 ---p 00000000 00:00 0 
7f5420000000-7f5420282000 rw-p 00000000 00:00 0 
7f5420282000-7f5424000000 ---p 00000000 00:00 0 
7f5424000000-7f5424021000 rw-p 00000000 00:00 0 
7f5424021000-7f5428000000 ---p 00000000 00:00 0 
7f542c000000-7f542c021000 rw-p 00000000 00:00 0 
7f542c021000-7f5430000000 ---p 00000000 00:00 0 
7f5431d70000-7f5434000000 rw-p 00000000 00:00 0 
7f5434000000-7f5434021000 rw-p 00000000 00:00 0 
7f5434021000-7f5438000000 ---p 00000000 00:00 0 
7f54389fa000-7f54389fd000 ---p 00000000 00:00 0 
7f54389fd000-7f5438afb000 rw-p 00000000 00:00 0 
7f5438afb000-7f5438afe000 ---p 00000000 00:00 0 
7f5438afe000-7f5438bfc000 rw-p 00000000 00:00 0 
7f5438bfc000-7f5438bff000 ---p 00000000 00:00 0 
7f5438bff000-7f5438cfd000 rw-p 00000000 00:00 0 
7f5438cfd000-7f5438d00000 ---p 00000000 00:00 0 
7f5438d00000-7f5438dfe000 rw-p 00000000 00:00 0 
7f5438dfe000-7f5438e01000 ---p 00000000 00:00 0 
7f5438e01000-7f5438eff000 rw-p 00000000 00:00 0 
7f5438eff000-7f5438f00000 ---p 00000000 00:00 0 
7f5438f00000-7f5439000000 rw-p 00000000 00:00 0 
7f5439000000-7f5439270000 rwxp 00000000 00:00 0 
7f5439270000-7f543c166000 rw-p 00000000 00:00 0 
7f543c166000-7f5440000000 ---p 00000000 00:00 0 
7f544006b000-7f544007a000 r--s 000df000 00:2d 6031174                    /home/jacob/Android/Sdk/build-tools/23.0.3/lib/dx.jar
7f544007a000-7f544007d000 ---p 00000000 00:00 0 
7f544007d000-7f544017b000 rw-p 00000000 00:00 0 
7f544017b000-7f544017e000 ---p 00000000 00:00 0 
7f544017e000-7f544027c000 rw-p 00000000 00:00 0 
7f544027c000-7f544027f000 ---p 00000000 00:00 0 
7f544027f000-7f544037d000 rw-p 00000000 00:00 0 
7f544037d000-7f5440380000 ---p 00000000 00:00 0 
7f5440380000-7f544047e000 rw-p 00000000 00:00 0 
7f544047e000-7f5440756000 r--p 00000000 08:06 918029                     /usr/lib/locale/locale-archive
7f5440756000-7f5440759000 ---p 00000000 00:00 0 
7f5440759000-7f5440857000 rw-p 00000000 00:00 0 
7f5440857000-7f544085a000 ---p 00000000 00:00 0 
7f544085a000-7f5440958000 rw-p 00000000 00:00 0 
7f5440958000-7f5440959000 ---p 00000000 00:00 0 
7f5440959000-7f5441a58000 rw-p 00000000 00:00 0 
7f5441a58000-7f5441c18000 r--s 039fb000 08:06 3806858                    /usr/lib/jvm/java-7-oracle/jre/lib/rt.jar
7f5441c18000-7f5441f3a000 rw-p 00000000 00:00 0 
7f5441f3a000-7f5441f3b000 ---p 00000000 00:00 0 
7f5441f3b000-7f544203b000 rw-p 00000000 00:00 0 
7f544203b000-7f544203c000 ---p 00000000 00:00 0 
7f544203c000-7f544213c000 rw-p 00000000 00:00 0 
7f544213c000-7f544213d000 ---p 00000000 00:00 0 
7f544213d000-7f544223d000 rw-p 00000000 00:00 0 
7f544223d000-7f544223e000 ---p 00000000 00:00 0 
7f544223e000-7f5442349000 rw-p 00000000 00:00 0 
7f5442349000-7f5442367000 rw-p 00000000 00:00 0 
7f5442367000-7f54423a2000 rw-p 00000000 00:00 0 
7f54423a2000-7f54424bd000 rw-p 00000000 00:00 0 
7f54424bd000-7f54424c8000 rw-p 00000000 00:00 0 
7f54424c8000-7f54424e6000 rw-p 00000000 00:00 0 
7f54424e6000-7f5442521000 rw-p 00000000 00:00 0 
7f5442521000-7f544263b000 rw-p 00000000 00:00 0 
7f544263b000-7f544267c000 rw-p 00000000 00:00 0 
7f544267c000-7f54426e6000 rw-p 00000000 00:00 0 
7f54426e6000-7f54426e7000 rw-p 00000000 00:00 0 
7f54426e7000-7f54426fe000 r-xp 00000000 08:06 3802578                    /usr/lib/jvm/java-7-oracle/jre/lib/amd64/libzip.so
7f54426fe000-7f54428fe000 ---p 00017000 08:06 3802578                    /usr/lib/jvm/java-7-oracle/jre/lib/amd64/libzip.so
7f54428fe000-7f54428ff000 rw-p 00017000 08:06 3802578                    /usr/lib/jvm/java-7-oracle/jre/lib/amd64/libzip.so
7f54428ff000-7f544290a000 r-xp 00000000 08:06 3145812                    /lib/x86_64-linux-gnu/libnss_files-2.23.so
7f544290a000-7f5442b09000 ---p 0000b000 08:06 3145812                    /lib/x86_64-linux-gnu/libnss_files-2.23.so
7f5442b09000-7f5442b0a000 r--p 0000a000 08:06 3145812                    /lib/x86_64-linux-gnu/libnss_files-2.23.so
7f5442b0a000-7f5442b0b000 rw-p 0000b000 08:06 3145812                    /lib/x86_64-linux-gnu/libnss_files-2.23.so
7f5442b0b000-7f5442b11000 rw-p 00000000 00:00 0 
7f5442b11000-7f5442b1c000 r-xp 00000000 08:06 3145807                    /lib/x86_64-linux-gnu/libnss_nis-2.23.so
7f5442b1c000-7f5442d1b000 ---p 0000b000 08:06 3145807                    /lib/x86_64-linux-gnu/libnss_nis-2.23.so
7f5442d1b000-7f5442d1c000 r--p 0000a000 08:06 3145807                    /lib/x86_64-linux-gnu/libnss_nis-2.23.so
7f5442d1c000-7f5442d1d000 rw-p 0000b000 08:06 3145807                    /lib/x86_64-linux-gnu/libnss_nis-2.23.so
7f5442d1d000-7f5442d33000 r-xp 00000000 08:06 3145805                    /lib/x86_64-linux-gnu/libnsl-2.23.so
7f5442d33000-7f5442f32000 ---p 00016000 08:06 3145805                    /lib/x86_64-linux-gnu/libnsl-2.23.so
7f5442f32000-7f5442f33000 r--p 00015000 08:06 3145805                    /lib/x86_64-linux-gnu/libnsl-2.23.so
7f5442f33000-7f5442f34000 rw-p 00016000 08:06 3145805                    /lib/x86_64-linux-gnu/libnsl-2.23.so
7f5442f34000-7f5442f36000 rw-p 00000000 00:00 0 
7f5442f36000-7f5442f3e000 r-xp 00000000 08:06 3145801                    /lib/x86_64-linux-gnu/libnss_compat-2.23.so
7f5442f3e000-7f544313d000 ---p 00008000 08:06 3145801                    /lib/x86_64-linux-gnu/libnss_compat-2.23.so
7f544313d000-7f544313e000 r--p 00007000 08:06 3145801                    /lib/x86_64-linux-gnu/libnss_compat-2.23.so
7f544313e000-7f544313f000 rw-p 00008000 08:06 3145801                    /lib/x86_64-linux-gnu/libnss_compat-2.23.so
7f544313f000-7f5443168000 r-xp 00000000 08:06 3802544                    /usr/lib/jvm/java-7-oracle/jre/lib/amd64/libjava.so
7f5443168000-7f5443368000 ---p 00029000 08:06 3802544                    /usr/lib/jvm/java-7-oracle/jre/lib/amd64/libjava.so
7f5443368000-7f544336a000 rw-p 00029000 08:06 3802544                    /usr/lib/jvm/java-7-oracle/jre/lib/amd64/libjava.so
7f544336a000-7f5443377000 r-xp 00000000 08:06 3802571                    /usr/lib/jvm/java-7-oracle/jre/lib/amd64/libverify.so
7f5443377000-7f5443576000 ---p 0000d000 08:06 3802571                    /usr/lib/jvm/java-7-oracle/jre/lib/amd64/libverify.so
7f5443576000-7f5443578000 rw-p 0000c000 08:06 3802571                    /usr/lib/jvm/java-7-oracle/jre/lib/amd64/libverify.so
7f5443578000-7f544357f000 r-xp 00000000 08:06 3145839                    /lib/x86_64-linux-gnu/librt-2.23.so
7f544357f000-7f544377e000 ---p 00007000 08:06 3145839                    /lib/x86_64-linux-gnu/librt-2.23.so
7f544377e000-7f544377f000 r--p 00006000 08:06 3145839                    /lib/x86_64-linux-gnu/librt-2.23.so
7f544377f000-7f5443780000 rw-p 00007000 08:06 3145839                    /lib/x86_64-linux-gnu/librt-2.23.so
7f5443780000-7f5443888000 r-xp 00000000 08:06 3145828                    /lib/x86_64-linux-gnu/libm-2.23.so
7f5443888000-7f5443a87000 ---p 00108000 08:06 3145828                    /lib/x86_64-linux-gnu/libm-2.23.so
7f5443a87000-7f5443a88000 r--p 00107000 08:06 3145828                    /lib/x86_64-linux-gnu/libm-2.23.so
7f5443a88000-7f5443a89000 rw-p 00108000 08:06 3145828                    /lib/x86_64-linux-gnu/libm-2.23.so
7f5443a89000-7f54445ff000 r-xp 00000000 08:06 3802600                    /usr/lib/jvm/java-7-oracle/jre/lib/amd64/server/libjvm.so
7f54445ff000-7f54447fe000 ---p 00b76000 08:06 3802600                    /usr/lib/jvm/java-7-oracle/jre/lib/amd64/server/libjvm.so
7f54447fe000-7f54448c2000 rw-p 00b75000 08:06 3802600                    /usr/lib/jvm/java-7-oracle/jre/lib/amd64/server/libjvm.so
7f54448c2000-7f5444903000 rw-p 00000000 00:00 0 
7f5444903000-7f5444ac3000 r-xp 00000000 08:06 3145897                    /lib/x86_64-linux-gnu/libc-2.23.so
7f5444ac3000-7f5444cc2000 ---p 001c0000 08:06 3145897                    /lib/x86_64-linux-gnu/libc-2.23.so
7f5444cc2000-7f5444cc6000 r--p 001bf000 08:06 3145897                    /lib/x86_64-linux-gnu/libc-2.23.so
7f5444cc6000-7f5444cc8000 rw-p 001c3000 08:06 3145897                    /lib/x86_64-linux-gnu/libc-2.23.so
7f5444cc8000-7f5444ccc000 rw-p 00000000 00:00 0 
7f5444ccc000-7f5444ccf000 r-xp 00000000 08:06 3145901                    /lib/x86_64-linux-gnu/libdl-2.23.so
7f5444ccf000-7f5444ece000 ---p 00003000 08:06 3145901                    /lib/x86_64-linux-gnu/libdl-2.23.so
7f5444ece000-7f5444ecf000 r--p 00002000 08:06 3145901                    /lib/x86_64-linux-gnu/libdl-2.23.so
7f5444ecf000-7f5444ed0000 rw-p 00003000 08:06 3145901                    /lib/x86_64-linux-gnu/libdl-2.23.so
7f5444ed0000-7f5444ee5000 r-xp 00000000 08:06 3935568                    /usr/lib/jvm/java-7-oracle/lib/amd64/jli/libjli.so
7f5444ee5000-7f54450e4000 ---p 00015000 08:06 3935568                    /usr/lib/jvm/java-7-oracle/lib/amd64/jli/libjli.so
7f54450e4000-7f54450e5000 rw-p 00014000 08:06 3935568                    /usr/lib/jvm/java-7-oracle/lib/amd64/jli/libjli.so
7f54450e5000-7f54450fd000 r-xp 00000000 08:06 3145896                    /lib/x86_64-linux-gnu/libpthread-2.23.so
7f54450fd000-7f54452fc000 ---p 00018000 08:06 3145896                    /lib/x86_64-linux-gnu/libpthread-2.23.so
7f54452fc000-7f54452fd000 r--p 00017000 08:06 3145896                    /lib/x86_64-linux-gnu/libpthread-2.23.so
7f54452fd000-7f54452fe000 rw-p 00018000 08:06 3145896                    /lib/x86_64-linux-gnu/libpthread-2.23.so
7f54452fe000-7f5445302000 rw-p 00000000 00:00 0 
7f5445302000-7f5445328000 r-xp 00000000 08:06 3145877                    /lib/x86_64-linux-gnu/ld-2.23.so
7f5445336000-7f5445340000 rw-p 00000000 00:00 0 
7f5445340000-7f54453f6000 rw-p 00000000 00:00 0 
7f54453f6000-7f54453f9000 ---p 00000000 00:00 0 
7f54453f9000-7f54454fb000 rw-p 00000000 00:00 0 
7f5445505000-7f544551b000 rw-p 00000000 00:00 0 
7f544551b000-7f5445523000 rw-s 00000000 08:06 655504                     /tmp/hsperfdata_jacob/18577
7f5445523000-7f5445524000 rw-p 00000000 00:00 0 
7f5445524000-7f5445525000 ---p 00000000 00:00 0 
7f5445525000-7f5445527000 rw-p 00000000 00:00 0 
7f5445527000-7f5445528000 r--p 00025000 08:06 3145877                    /lib/x86_64-linux-gnu/ld-2.23.so
7f5445528000-7f5445529000 rw-p 00026000 08:06 3145877                    /lib/x86_64-linux-gnu/ld-2.23.so
7f5445529000-7f544552a000 rw-p 00000000 00:00 0 
7ffd7ad28000-7ffd7ad49000 rw-p 00000000 00:00 0                          [stack]
7ffd7adaa000-7ffd7adac000 r--p 00000000 00:00 0                          [vvar]
7ffd7adac000-7ffd7adae000 r-xp 00000000 00:00 0                          [vdso]
ffffffffff600000-ffffffffff601000 r-xp 00000000 00:00 0                  [vsyscall]

VM Arguments:
jvm_args: -Djava.awt.headless=true -Xmx1024M -Dfile.encoding=UTF-8 -Duser.country=US -Duser.language=en -Duser.variant 
java_command: com.android.dx.command.Main --dex --force-jumbo --num-threads=4 --multi-dex --output /home/jacob/AndroidStudioProjects/ClevelandRTANextBusTrain/app/build/intermediates/transforms/dex/debug/folders/1000/5/slice_9 /home/jacob/AndroidStudioProjects/ClevelandRTANextBusTrain/app/build/intermediates/transforms/instantRunSlicer/debug/folders/1/5/slice_9
Launcher Type: SUN_STANDARD

Environment Variables:
JAVA_HOME=/usr/lib/jvm/java-7-oracle
PATH=/usr/local/sbin:/usr/local/bin:/usr/sbin:/usr/bin:/sbin:/bin:/usr/games:/usr/local/games:/opt/android-studio/bin/:/snap/bin
LD_LIBRARY_PATH=/opt/android-studio/bin:
SHELL=/bin/bash
DISPLAY=:0

Signal Handlers:
SIGSEGV: [libjvm.so+0x9a3b20], sa_mask[0]=0x7ffbfeff, sa_flags=0x10000004
SIGBUS: [libjvm.so+0x9a3b20], sa_mask[0]=0x7ffbfeff, sa_flags=0x10000004
SIGFPE: [libjvm.so+0x81e740], sa_mask[0]=0x7ffbfeff, sa_flags=0x10000004
SIGPIPE: [libjvm.so+0x81e740], sa_mask[0]=0x7ffbfeff, sa_flags=0x10000004
SIGXFSZ: [libjvm.so+0x81e740], sa_mask[0]=0x7ffbfeff, sa_flags=0x10000004
SIGILL: [libjvm.so+0x81e740], sa_mask[0]=0x7ffbfeff, sa_flags=0x10000004
SIGUSR1: SIG_DFL, sa_mask[0]=0x00000000, sa_flags=0x00000000
SIGUSR2: [libjvm.so+0x81ffb0], sa_mask[0]=0x00000004, sa_flags=0x10000004
SIGHUP: [libjvm.so+0x8210d0], sa_mask[0]=0x7ffbfeff, sa_flags=0x10000004
SIGINT: [libjvm.so+0x8210d0], sa_mask[0]=0x7ffbfeff, sa_flags=0x10000004
SIGTERM: [libjvm.so+0x8210d0], sa_mask[0]=0x7ffbfeff, sa_flags=0x10000004
SIGQUIT: [libjvm.so+0x8210d0], sa_mask[0]=0x7ffbfeff, sa_flags=0x10000004


---------------  S Y S T E M  ---------------

OS:stretch/sid

uname:Linux 4.4.0-22-generic #40-Ubuntu SMP Thu May 12 22:03:46 UTC 2016 x86_64
libc:glibc 2.23 NPTL 2.23 
rlimit: STACK 8192k, CORE 0k, NPROC 29444, NOFILE 65536, AS infinity
load average:42.75 18.16 8.95

/proc/meminfo:
MemTotal:        7622608 kB
MemFree:          508400 kB
MemAvailable:     603804 kB
Buffers:            2364 kB
Cached:           167740 kB
SwapCached:            0 kB
Active:          5084464 kB
Inactive:         146404 kB
Active(anon):    5073740 kB
Inactive(anon):    81440 kB
Active(file):      10724 kB
Inactive(file):    64964 kB
Unevictable:          64 kB
Mlocked:              64 kB
SwapTotal:             0 kB
SwapFree:              0 kB
Dirty:                96 kB
Writeback:             0 kB
AnonPages:       5061628 kB
Mapped:           139244 kB
Shmem:             93616 kB
Slab:             148740 kB
SReclaimable:      60792 kB
SUnreclaim:        87948 kB
KernelStack:       12112 kB
PageTables:        50568 kB
NFS_Unstable:          0 kB
Bounce:                0 kB
WritebackTmp:          0 kB
CommitLimit:     3811304 kB
Committed_AS:   11031936 kB
VmallocTotal:   34359738367 kB
VmallocUsed:           0 kB
VmallocChunk:          0 kB
HardwareCorrupted:     0 kB
AnonHugePages:   1939456 kB
CmaTotal:              0 kB
CmaFree:               0 kB
HugePages_Total:       0
HugePages_Free:        0
HugePages_Rsvd:        0
HugePages_Surp:        0
Hugepagesize:       2048 kB
DirectMap4k:     5530044 kB
DirectMap2M:     2297856 kB
DirectMap1G:     1048576 kB


CPU:total 4 (4 cores per cpu, 1 threads per core) family 22 model 0 stepping 1, cmov, cx8, fxsr, mmx, sse, sse2, sse3, ssse3, sse4.1, sse4.2, popcnt, avx, aes, mmxext, 3dnowpref, lzcnt, sse4a, tsc, tscinvbit, tscinv

/proc/cpuinfo:
processor	: 0
vendor_id	: AuthenticAMD
cpu family	: 22
model		: 0
model name	: AMD A6-5200 APU with Radeon(TM) HD Graphics
stepping	: 1
microcode	: 0x700010b
cpu MHz		: 800.000
cache size	: 2048 KB
physical id	: 0
siblings	: 4
core id		: 0
cpu cores	: 4
apicid		: 0
initial apicid	: 0
fpu		: yes
fpu_exception	: yes
cpuid level	: 13
wp		: yes
flags		: fpu vme de pse tsc msr pae mce cx8 apic sep mtrr pge mca cmov pat pse36 clflush mmx fxsr sse sse2 ht syscall nx mmxext fxsr_opt pdpe1gb rdtscp lm constant_tsc rep_good nopl nonstop_tsc extd_apicid aperfmperf eagerfpu pni pclmulqdq monitor ssse3 cx16 sse4_1 sse4_2 movbe popcnt aes xsave avx f16c lahf_lm cmp_legacy svm extapic cr8_legacy abm sse4a misalignsse 3dnowprefetch osvw ibs skinit wdt topoext perfctr_nb bpext perfctr_l2 hw_pstate proc_feedback vmmcall bmi1 xsaveopt arat npt lbrv svm_lock nrip_save tsc_scale flushbyasid decodeassists pausefilter pfthreshold
bugs		: fxsave_leak sysret_ss_attrs
bogomips	: 3992.62
TLB size	: 1024 4K pages
clflush size	: 64
cache_alignment	: 64
address sizes	: 40 bits physical, 48 bits virtual
power management: ts ttp tm 100mhzsteps hwpstate [11]

processor	: 1
vendor_id	: AuthenticAMD
cpu family	: 22
model		: 0
model name	: AMD A6-5200 APU with Radeon(TM) HD Graphics
stepping	: 1
microcode	: 0x700010b
cpu MHz		: 800.000
cache size	: 2048 KB
physical id	: 0
siblings	: 4
core id		: 1
cpu cores	: 4
apicid		: 1
initial apicid	: 1
fpu		: yes
fpu_exception	: yes
cpuid level	: 13
wp		: yes
flags		: fpu vme de pse tsc msr pae mce cx8 apic sep mtrr pge mca cmov pat pse36 clflush mmx fxsr sse sse2 ht syscall nx mmxext fxsr_opt pdpe1gb rdtscp lm constant_tsc rep_good nopl nonstop_tsc extd_apicid aperfmperf eagerfpu pni pclmulqdq monitor ssse3 cx16 sse4_1 sse4_2 movbe popcnt aes xsave avx f16c lahf_lm cmp_legacy svm extapic cr8_legacy abm sse4a misalignsse 3dnowprefetch osvw ibs skinit wdt topoext perfctr_nb bpext perfctr_l2 hw_pstate proc_feedback vmmcall bmi1 xsaveopt arat npt lbrv svm_lock nrip_save tsc_scale flushbyasid decodeassists pausefilter pfthreshold
bugs		: fxsave_leak sysret_ss_attrs
bogomips	: 3992.62
TLB size	: 1024 4K pages
clflush size	: 64
cache_alignment	: 64
address sizes	: 40 bits physical, 48 bits virtual
power management: ts ttp tm 100mhzsteps hwpstate [11]

processor	: 2
vendor_id	: AuthenticAMD
cpu family	: 22
model		: 0
model name	: AMD A6-5200 APU with Radeon(TM) HD Graphics
stepping	: 1
microcode	: 0x700010b
cpu MHz		: 800.000
cache size	: 2048 KB
physical id	: 0
siblings	: 4
core id		: 2
cpu cores	: 4
apicid		: 2
initial apicid	: 2
fpu		: yes
fpu_exception	: yes
cpuid level	: 13
wp		: yes
flags		: fpu vme de pse tsc msr pae mce cx8 apic sep mtrr pge mca cmov pat pse36 clflush mmx fxsr sse sse2 ht syscall nx mmxext fxsr_opt pdpe1gb rdtscp lm constant_tsc rep_good nopl nonstop_tsc extd_apicid aperfmperf eagerfpu pni pclmulqdq monitor ssse3 cx16 sse4_1 sse4_2 movbe popcnt aes xsave avx f16c lahf_lm cmp_legacy svm extapic cr8_legacy abm sse4a misalignsse 3dnowprefetch osvw ibs skinit wdt topoext perfctr_nb bpext perfctr_l2 hw_pstate proc_feedback vmmcall bmi1 xsaveopt arat npt lbrv svm_lock nrip_save tsc_scale flushbyasid decodeassists pausefilter pfthreshold
bugs		: fxsave_leak sysret_ss_attrs
bogomips	: 3992.62
TLB size	: 1024 4K pages
clflush size	: 64
cache_alignment	: 64
address sizes	: 40 bits physical, 48 bits virtual
power management: ts ttp tm 100mhzsteps hwpstate [11]

processor	: 3
vendor_id	: AuthenticAMD
cpu family	: 22
model		: 0
model name	: AMD A6-5200 APU with Radeon(TM) HD Graphics
stepping	: 1
microcode	: 0x700010b
cpu MHz		: 800.000
cache size	: 2048 KB
physical id	: 0
siblings	: 4
core id		: 3
cpu cores	: 4
apicid		: 3
initial apicid	: 3
fpu		: yes
fpu_exception	: yes
cpuid level	: 13
wp		: yes
flags		: fpu vme de pse tsc msr pae mce cx8 apic sep mtrr pge mca cmov pat pse36 clflush mmx fxsr sse sse2 ht syscall nx mmxext fxsr_opt pdpe1gb rdtscp lm constant_tsc rep_good nopl nonstop_tsc extd_apicid aperfmperf eagerfpu pni pclmulqdq monitor ssse3 cx16 sse4_1 sse4_2 movbe popcnt aes xsave avx f16c lahf_lm cmp_legacy svm extapic cr8_legacy abm sse4a misalignsse 3dnowprefetch osvw ibs skinit wdt topoext perfctr_nb bpext perfctr_l2 hw_pstate proc_feedback vmmcall bmi1 xsaveopt arat npt lbrv svm_lock nrip_save tsc_scale flushbyasid decodeassists pausefilter pfthreshold
bugs		: fxsave_leak sysret_ss_attrs
bogomips	: 3992.62
TLB size	: 1024 4K pages
clflush size	: 64
cache_alignment	: 64
address sizes	: 40 bits physical, 48 bits virtual
power management: ts ttp tm 100mhzsteps hwpstate [11]



Memory: 4k page, physical 7622608k(508400k free), swap 0k(0k free)

vm_info: Java HotSpot(TM) 64-Bit Server VM (24.80-b11) for linux-amd64 JRE (1.7.0_80-b15), built on Apr 10 2015 19:53:14 by "java_re" with gcc 4.3.0 20080428 (Red Hat 4.3.0-8)

time: Mon May 30 22:36:09 2016
elapsed time: 133 seconds

