#
# There is insufficient memory for the Java Runtime Environment to continue.
# Native memory allocation (malloc) failed to allocate 157286400 bytes for committing reserved memory.
# Possible reasons:
#   The system is out of physical RAM or swap space
#   In 32 bit mode, the process size limit was hit
# Possible solutions:
#   Reduce memory load on the system
#   Increase physical memory or swap space
#   Check if swap backing store is full
#   Use 64 bit Java on a 64 bit OS
#   Decrease Java heap size (-Xmx/-Xms)
#   Decrease number of Java threads
#   Decrease Java thread stack sizes (-Xss)
#   Set larger code cache with -XX:ReservedCodeCacheSize=
# This output file may be truncated or incomplete.
#
#  Out of Memory Error (os_linux.cpp:2756), pid=19464, tid=140332362041088
#
# JRE version: Java(TM) SE Runtime Environment (7.0_80-b15) (build 1.7.0_80-b15)
# Java VM: Java HotSpot(TM) 64-Bit Server VM (24.80-b11 mixed mode linux-amd64 compressed oops)
# Failed to write core dump. Core dumps have been disabled. To enable core dumping, try "ulimit -c unlimited" before starting Java again
#

---------------  T H R E A D  ---------------

Current thread (0x00007fa1a806a000):  VMThread [stack: 0x00007fa1ac870000,0x00007fa1ac971000] [id=19473]

Stack: [0x00007fa1ac870000,0x00007fa1ac971000],  sp=0x00007fa1ac96f180,  free space=1020k
Native frames: (J=compiled Java code, j=interpreted, Vv=VM code, C=native code)
V  [libjvm.so+0x9a320a]  VMError::report_and_die()+0x2ea
V  [libjvm.so+0x498d3b]  report_vm_out_of_memory(char const*, int, unsigned long, char const*)+0x9b
V  [libjvm.so+0x82191e]  os::Linux::commit_memory_impl(char*, unsigned long, bool)+0xfe
V  [libjvm.so+0x821e69]  os::pd_commit_memory(char*, unsigned long, unsigned long, bool)+0x29
V  [libjvm.so+0x81bb6a]  os::commit_memory(char*, unsigned long, unsigned long, bool)+0x2a
V  [libjvm.so+0x88d623]  PSVirtualSpace::expand_by(unsigned long)+0x53
V  [libjvm.so+0x88e9f8]  PSYoungGen::resize_generation(unsigned long, unsigned long)+0xf8
V  [libjvm.so+0x88db62]  PSYoungGen::resize(unsigned long, unsigned long)+0x22
V  [libjvm.so+0x88af1d]  PSScavenge::invoke_no_policy()+0xf3d
V  [libjvm.so+0x88b761]  PSScavenge::invoke()+0x41
V  [libjvm.so+0x843f40]  ParallelScavengeHeap::failed_mem_allocate(unsigned long)+0x70
V  [libjvm.so+0x9a4a97]  VM_ParallelGCFailedAllocation::doit()+0x97
V  [libjvm.so+0x9abf35]  VM_Operation::evaluate()+0x55
V  [libjvm.so+0x9aa2fa]  VMThread::evaluate_operation(VM_Operation*)+0xba
V  [libjvm.so+0x9aa67e]  VMThread::loop()+0x1ce
V  [libjvm.so+0x9aaaf0]  VMThread::run()+0x70
V  [libjvm.so+0x8238c8]  java_start(Thread*)+0x108

VM_Operation (0x00007fa1a2b6bed0): ParallelGCFailedAllocation, mode: safepoint, requested by thread 0x00007fa1a8122000


---------------  P R O C E S S  ---------------

Java Threads: ( => current thread )
  0x00007fa1a8122800 JavaThread "pool-3-thread-1" [_thread_blocked, id=19482, stack(0x00007fa1a296c000,0x00007fa1a2a6d000)]
  0x00007fa1a8122000 JavaThread "pool-2-thread-1" [_thread_blocked, id=19481, stack(0x00007fa1a2a6d000,0x00007fa1a2b6e000)]
  0x00007fa1a8099000 JavaThread "Service Thread" daemon [_thread_blocked, id=19479, stack(0x00007fa1a2c6f000,0x00007fa1a2d70000)]
  0x00007fa1a8096800 JavaThread "C2 CompilerThread1" daemon [_thread_blocked, id=19478, stack(0x00007fa1ac093000,0x00007fa1ac194000)]
  0x00007fa1a8093800 JavaThread "C2 CompilerThread0" daemon [_thread_blocked, id=19477, stack(0x00007fa1ac194000,0x00007fa1ac295000)]
  0x00007fa1a8091800 JavaThread "Signal Dispatcher" daemon [_thread_blocked, id=19476, stack(0x00007fa1ac295000,0x00007fa1ac396000)]
  0x00007fa1a8070000 JavaThread "Finalizer" daemon [_thread_blocked, id=19475, stack(0x00007fa1ac66e000,0x00007fa1ac76f000)]
  0x00007fa1a806e000 JavaThread "Reference Handler" daemon [_thread_blocked, id=19474, stack(0x00007fa1ac76f000,0x00007fa1ac870000)]
  0x00007fa1a800a000 JavaThread "main" [_thread_blocked, id=19467, stack(0x00007fa1b130e000,0x00007fa1b140f000)]

Other Threads:
=>0x00007fa1a806a000 VMThread [stack: 0x00007fa1ac870000,0x00007fa1ac971000] [id=19473]
  0x00007fa1a80a3800 WatcherThread [stack: 0x00007fa1a2b6e000,0x00007fa1a2c6f000] [id=19480]

VM state:at safepoint (normal execution)

VM Mutex/Monitor currently owned by a thread:  ([mutex/lock_event])
[0x00007fa1a8006660] Threads_lock - owner thread: 0x00007fa1a806a000
[0x00007fa1a8006b60] Heap_lock - owner thread: 0x00007fa1a8122000

Heap
 PSYoungGen      total 127488K, used 4599K [0x00000000eaa80000, 0x00000000f2b80000, 0x0000000100000000)
  eden space 122880K, 0% used [0x00000000eaa80000,0x00000000eaa80000,0x00000000f2280000)
  from space 4608K, 99% used [0x00000000f2280000,0x00000000f26fde90,0x00000000f2700000)
  to   space 4608K, 0% used [0x00000000f2700000,0x00000000f2700000,0x00000000f2b80000)
 ParOldGen       total 79360K, used 34025K [0x00000000c0000000, 0x00000000c4d80000, 0x00000000eaa80000)
  object space 79360K, 42% used [0x00000000c0000000,0x00000000c213a678,0x00000000c4d80000)
 PSPermGen       total 21504K, used 5555K [0x00000000bae00000, 0x00000000bc300000, 0x00000000c0000000)
  object space 21504K, 25% used [0x00000000bae00000,0x00000000bb36cdf8,0x00000000bc300000)

Card table byte_map: [0x00007fa1ae3d5000,0x00007fa1ae5ff000] byte_map_base: 0x00007fa1addfe000

Polling page: 0x00007fa1b143c000

Code Cache  [0x00007fa1a5000000, 0x00007fa1a5270000, 0x00007fa1a8000000)
 total_blobs=656 nmethods=444 adapters=166 free_code_cache=47661Kb largest_free_block=48751488

Compilation events (10 events):
Event: 119.958 Thread 0x00007fa1a8096800 nmethod 452 0x00007fa1a50b5710 code [0x00007fa1a50b5860, 0x00007fa1a50b5918]
Event: 119.958 Thread 0x00007fa1a8096800  453             com.android.dx.ssa.SsaMethod::blockIndexToRopLabel (21 bytes)
Event: 119.974 Thread 0x00007fa1a8096800 nmethod 453 0x00007fa1a50b52d0 code [0x00007fa1a50b5420, 0x00007fa1a50b5538]
Event: 119.974 Thread 0x00007fa1a8096800  454             com.android.dx.dex.code.RopTranslator::pickOrder (400 bytes)
Event: 120.384 Thread 0x00007fa1a8096800 nmethod 454 0x00007fa1a510f510 code [0x00007fa1a510f7a0, 0x00007fa1a51111e0]
Event: 120.385 Thread 0x00007fa1a8096800  455             com.android.dx.cf.code.ByteBlock::getEnd (5 bytes)
Event: 120.385 Thread 0x00007fa1a8096800 nmethod 455 0x00007fa1a50b4790 code [0x00007fa1a50b48c0, 0x00007fa1a50b4918]
Event: 120.385 Thread 0x00007fa1a8096800  456             com.android.dx.cf.code.RopperMachine::getPrimarySuccessorIndex (5 bytes)
Event: 120.386 Thread 0x00007fa1a8096800 nmethod 456 0x00007fa1a510dbd0 code [0x00007fa1a510dd00, 0x00007fa1a510dd58]
Event: 120.386 Thread 0x00007fa1a8096800  457             com.android.dx.ssa.SsaBasicBlock::getRopLabelSuccessorList (57 bytes)

GC Heap History (10 events):
Event: 6.387 GC heap after
Heap after GC invocations=1 (full 0):
 PSYoungGen      total 35328K, used 4599K [0x00000000eaa80000, 0x00000000eef80000, 0x0000000100000000)
  eden space 30720K, 0% used [0x00000000eaa80000,0x00000000eaa80000,0x00000000ec880000)
  from space 4608K, 99% used [0x00000000ec880000,0x00000000eccfdc78,0x00000000ecd00000)
  to   space 4608K, 0% used [0x00000000eeb00000,0x00000000eeb00000,0x00000000eef80000)
 ParOldGen       total 79360K, used 5080K [0x00000000c0000000, 0x00000000c4d80000, 0x00000000eaa80000)
  object space 79360K, 6% used [0x00000000c0000000,0x00000000c04f6038,0x00000000c4d80000)
 PSPermGen       total 21504K, used 5328K [0x00000000bae00000, 0x00000000bc300000, 0x00000000c0000000)
  object space 21504K, 24% used [0x00000000bae00000,0x00000000bb334358,0x00000000bc300000)
}
Event: 9.707 GC heap before
{Heap before GC invocations=2 (full 0):
 PSYoungGen      total 35328K, used 35319K [0x00000000eaa80000, 0x00000000eef80000, 0x0000000100000000)
  eden space 30720K, 100% used [0x00000000eaa80000,0x00000000ec880000,0x00000000ec880000)
  from space 4608K, 99% used [0x00000000ec880000,0x00000000eccfdc78,0x00000000ecd00000)
  to   space 4608K, 0% used [0x00000000eeb00000,0x00000000eeb00000,0x00000000eef80000)
 ParOldGen       total 79360K, used 5080K [0x00000000c0000000, 0x00000000c4d80000, 0x00000000eaa80000)
  object space 79360K, 6% used [0x00000000c0000000,0x00000000c04f6038,0x00000000c4d80000)
 PSPermGen       total 21504K, used 5425K [0x00000000bae00000, 0x00000000bc300000, 0x00000000c0000000)
  object space 21504K, 25% used [0x00000000bae00000,0x00000000bb34c428,0x00000000bc300000)
Event: 10.046 GC heap after
Heap after GC invocations=2 (full 0):
 PSYoungGen      total 66048K, used 4581K [0x00000000eaa80000, 0x00000000eef80000, 0x0000000100000000)
  eden space 61440K, 0% used [0x00000000eaa80000,0x00000000eaa80000,0x00000000ee680000)
  from space 4608K, 99% used [0x00000000eeb00000,0x00000000eef79500,0x00000000eef80000)
  to   space 4608K, 0% used [0x00000000ee680000,0x00000000ee680000,0x00000000eeb00000)
 ParOldGen       total 79360K, used 18528K [0x00000000c0000000, 0x00000000c4d80000, 0x00000000eaa80000)
  object space 79360K, 23% used [0x00000000c0000000,0x00000000c1218218,0x00000000c4d80000)
 PSPermGen       total 21504K, used 5425K [0x00000000bae00000, 0x00000000bc300000, 0x00000000c0000000)
  object space 21504K, 25% used [0x00000000bae00000,0x00000000bb34c428,0x00000000bc300000)
}
Event: 15.903 GC heap before
{Heap before GC invocations=3 (full 0):
 PSYoungGen      total 66048K, used 66021K [0x00000000eaa80000, 0x00000000eef80000, 0x0000000100000000)
  eden space 61440K, 100% used [0x00000000eaa80000,0x00000000ee680000,0x00000000ee680000)
  from space 4608K, 99% used [0x00000000eeb00000,0x00000000eef79500,0x00000000eef80000)
  to   space 4608K, 0% used [0x00000000ee680000,0x00000000ee680000,0x00000000eeb00000)
 ParOldGen       total 79360K, used 18528K [0x00000000c0000000, 0x00000000c4d80000, 0x00000000eaa80000)
  object space 79360K, 23% used [0x00000000c0000000,0x00000000c1218218,0x00000000c4d80000)
 PSPermGen       total 21504K, used 5477K [0x00000000bae00000, 0x00000000bc300000, 0x00000000c0000000)
  object space 21504K, 25% used [0x00000000bae00000,0x00000000bb3594c8,0x00000000bc300000)
Event: 16.219 GC heap after
Heap after GC invocations=3 (full 0):
 PSYoungGen      total 66048K, used 4601K [0x00000000eaa80000, 0x00000000f2b80000, 0x0000000100000000)
  eden space 61440K, 0% used [0x00000000eaa80000,0x00000000eaa80000,0x00000000ee680000)
  from space 4608K, 99% used [0x00000000ee680000,0x00000000eeafe4a0,0x00000000eeb00000)
  to   space 4608K, 0% used [0x00000000f2700000,0x00000000f2700000,0x00000000f2b80000)
 ParOldGen       total 79360K, used 41020K [0x00000000c0000000, 0x00000000c4d80000, 0x00000000eaa80000)
  object space 79360K, 51% used [0x00000000c0000000,0x00000000c280f218,0x00000000c4d80000)
 PSPermGen       total 21504K, used 5477K [0x00000000bae00000, 0x00000000bc300000, 0x00000000c0000000)
  object space 21504K, 25% used [0x00000000bae00000,0x00000000bb3594c8,0x00000000bc300000)
}
Event: 54.802 GC heap before
{Heap before GC invocations=4 (full 0):
 PSYoungGen      total 66048K, used 66041K [0x00000000eaa80000, 0x00000000f2b80000, 0x0000000100000000)
  eden space 61440K, 100% used [0x00000000eaa80000,0x00000000ee680000,0x00000000ee680000)
  from space 4608K, 99% used [0x00000000ee680000,0x00000000eeafe4a0,0x00000000eeb00000)
  to   space 4608K, 0% used [0x00000000f2700000,0x00000000f2700000,0x00000000f2b80000)
 ParOldGen       total 79360K, used 41020K [0x00000000c0000000, 0x00000000c4d80000, 0x00000000eaa80000)
  object space 79360K, 51% used [0x00000000c0000000,0x00000000c280f218,0x00000000c4d80000)
 PSPermGen       total 21504K, used 5505K [0x00000000bae00000, 0x00000000bc300000, 0x00000000c0000000)
  object space 21504K, 25% used [0x00000000bae00000,0x00000000bb3606c0,0x00000000bc300000)
Event: 105.616 GC heap after
Heap after GC invocations=4 (full 0):
 PSYoungGen      total 127488K, used 4579K [0x00000000eaa80000, 0x00000000f2b80000, 0x0000000100000000)
  eden space 122880K, 0% used [0x00000000eaa80000,0x00000000eaa80000,0x00000000f2280000)
  from space 4608K, 99% used [0x00000000f2700000,0x00000000f2b78e60,0x00000000f2b80000)
  to   space 4608K, 0% used [0x00000000f2280000,0x00000000f2280000,0x00000000f2700000)
 ParOldGen       total 79360K, used 56447K [0x00000000c0000000, 0x00000000c4d80000, 0x00000000eaa80000)
  object space 79360K, 71% used [0x00000000c0000000,0x00000000c371fc58,0x00000000c4d80000)
 PSPermGen       total 21504K, used 5505K [0x00000000bae00000, 0x00000000bc300000, 0x00000000c0000000)
  object space 21504K, 25% used [0x00000000bae00000,0x00000000bb3606c0,0x00000000bc300000)
}
Event: 105.616 GC heap before
{Heap before GC invocations=5 (full 1):
 PSYoungGen      total 127488K, used 4579K [0x00000000eaa80000, 0x00000000f2b80000, 0x0000000100000000)
  eden space 122880K, 0% used [0x00000000eaa80000,0x00000000eaa80000,0x00000000f2280000)
  from space 4608K, 99% used [0x00000000f2700000,0x00000000f2b78e60,0x00000000f2b80000)
  to   space 4608K, 0% used [0x00000000f2280000,0x00000000f2280000,0x00000000f2700000)
 ParOldGen       total 79360K, used 56447K [0x00000000c0000000, 0x00000000c4d80000, 0x00000000eaa80000)
  object space 79360K, 71% used [0x00000000c0000000,0x00000000c371fc58,0x00000000c4d80000)
 PSPermGen       total 21504K, used 5505K [0x00000000bae00000, 0x00000000bc300000, 0x00000000c0000000)
  object space 21504K, 25% used [0x00000000bae00000,0x00000000bb3606c0,0x00000000bc300000)
Event: 106.496 GC heap after
Heap after GC invocations=5 (full 1):
 PSYoungGen      total 127488K, used 0K [0x00000000eaa80000, 0x00000000f2b80000, 0x0000000100000000)
  eden space 122880K, 0% used [0x00000000eaa80000,0x00000000eaa80000,0x00000000f2280000)
  from space 4608K, 0% used [0x00000000f2700000,0x00000000f2700000,0x00000000f2b80000)
  to   space 4608K, 0% used [0x00000000f2280000,0x00000000f2280000,0x00000000f2700000)
 ParOldGen       total 79360K, used 20079K [0x00000000c0000000, 0x00000000c4d80000, 0x00000000eaa80000)
  object space 79360K, 25% used [0x00000000c0000000,0x00000000c139bf90,0x00000000c4d80000)
 PSPermGen       total 21504K, used 5503K [0x00000000bae00000, 0x00000000bc300000, 0x00000000c0000000)
  object space 21504K, 25% used [0x00000000bae00000,0x00000000bb35fd10,0x00000000bc300000)
}
Event: 120.483 GC heap before
{Heap before GC invocations=6 (full 1):
 PSYoungGen      total 127488K, used 122880K [0x00000000eaa80000, 0x00000000f2b80000, 0x0000000100000000)
  eden space 122880K, 100% used [0x00000000eaa80000,0x00000000f2280000,0x00000000f2280000)
  from space 4608K, 0% used [0x00000000f2700000,0x00000000f2700000,0x00000000f2b80000)
  to   space 4608K, 0% used [0x00000000f2280000,0x00000000f2280000,0x00000000f2700000)
 ParOldGen       total 79360K, used 20079K [0x00000000c0000000, 0x00000000c4d80000, 0x00000000eaa80000)
  object space 79360K, 25% used [0x00000000c0000000,0x00000000c139bf90,0x00000000c4d80000)
 PSPermGen       total 21504K, used 5555K [0x00000000bae00000, 0x00000000bc300000, 0x00000000c0000000)
  object space 21504K, 25% used [0x00000000bae00000,0x00000000bb36cdf8,0x00000000bc300000)

Deoptimization events (10 events):
Event: 13.412 Thread 0x00007fa1a800a000 Uncommon trap: reason=unloaded action=reinterpret pc=0x00007fa1a5075bc8 method=com.android.dx.cf.cst.ConstantPoolParser.parse0(ILjava/util/BitSet;)Lcom/android/dx/rop/cst/Constant; @ 198
Event: 15.006 Thread 0x00007fa1a8122000 Uncommon trap: reason=class_check action=maybe_recompile pc=0x00007fa1a50b3178 method=com.android.dx.ssa.SsaConverter.placePhiFunctions(Lcom/android/dx/ssa/SsaMethod;Lcom/android/dx/ssa/LocalVariableInfo;I)V @ 257
Event: 21.472 Thread 0x00007fa1a812c800 Uncommon trap: reason=class_check action=maybe_recompile pc=0x00007fa1a50b3178 method=com.android.dx.ssa.SsaConverter.placePhiFunctions(Lcom/android/dx/ssa/SsaMethod;Lcom/android/dx/ssa/LocalVariableInfo;I)V @ 257
Event: 21.472 Thread 0x00007fa1a800a000 Uncommon trap: reason=unstable_if action=reinterpret pc=0x00007fa1a50d6e24 method=com.android.dx.ssa.SsaRenamer$BlockRenamer.process()V @ 90
Event: 23.642 Thread 0x00007fa1a800a000 Uncommon trap: reason=unstable_if action=reinterpret pc=0x00007fa1a50fc450 method=java.util.BitSet.clone()Ljava/lang/Object; @ 4
Event: 107.049 Thread 0x00007fa1a812c800 Uncommon trap: reason=class_check action=maybe_recompile pc=0x00007fa1a50c12f0 method=java.util.HashMap.put(Ljava/lang/Object;Ljava/lang/Object;)Ljava/lang/Object; @ 83
Event: 107.412 Thread 0x00007fa1a812c800 Uncommon trap: reason=unstable_if action=reinterpret pc=0x00007fa1a510f7a0 method=com.android.dx.cf.code.RopperMachine.run(Lcom/android/dx/cf/code/Frame;II)V @ 1019
Event: 110.237 Thread 0x00007fa1a8122000 Uncommon trap: reason=unstable_if action=reinterpret pc=0x00007fa1a50f6370 method=com.android.dx.rop.code.RegisterSpec.equals(ILcom/android/dx/rop/type/TypeBearer;Lcom/android/dx/rop/code/LocalItem;)Z @ 42
Event: 110.268 Thread 0x00007fa1a8122000 Uncommon trap: reason=unstable_if action=reinterpret pc=0x00007fa1a508a1f8 method=com.android.dx.rop.code.RegisterSpec.equals(ILcom/android/dx/rop/type/TypeBearer;Lcom/android/dx/rop/code/LocalItem;)Z @ 42
Event: 117.706 Thread 0x00007fa1a8132000 Uncommon trap: reason=class_check action=maybe_recompile pc=0x00007fa1a50c12f0 method=java.util.HashMap.put(Ljava/lang/Object;Ljava/lang/Object;)Ljava/lang/Object; @ 83

Internal exceptions (10 events):
Event: 10.155 Thread 0x00007fa1a8132000 Threw 0x00000000eacd26a0 at /HUDSON/workspace/7u-2-build-linux-amd64/jdk7u80/2329/hotspot/src/share/vm/prims/jvm.cpp:1319
Event: 10.271 Thread 0x00007fa1a800a000 Threw 0x00000000eabf9738 at /HUDSON/workspace/7u-2-build-linux-amd64/jdk7u80/2329/hotspot/src/share/vm/prims/jvm.cpp:1319
Event: 10.272 Thread 0x00007fa1a800a000 Threw 0x00000000eabfbc18 at /HUDSON/workspace/7u-2-build-linux-amd64/jdk7u80/2329/hotspot/src/share/vm/prims/jvm.cpp:1319
Event: 10.316 Thread 0x00007fa1a800a000 Threw 0x00000000eadd9fe8 at /HUDSON/workspace/7u-2-build-linux-amd64/jdk7u80/2329/hotspot/src/share/vm/prims/jvm.cpp:1319
Event: 11.967 Thread 0x00007fa1a800a000 Threw 0x00000000eb72e180 at /HUDSON/workspace/7u-2-build-linux-amd64/jdk7u80/2329/hotspot/src/share/vm/prims/jvm.cpp:1319
Event: 15.185 Thread 0x00007fa1a8122000 Threw 0x00000000ee04d8f0 at /HUDSON/workspace/7u-2-build-linux-amd64/jdk7u80/2329/hotspot/src/share/vm/prims/jvm.cpp:1319
Event: 21.593 Thread 0x00007fa1a8128000 Threw 0x00000000ecce69c0 at /HUDSON/workspace/7u-2-build-linux-amd64/jdk7u80/2329/hotspot/src/share/vm/prims/jvm.cpp:1319
Event: 21.593 Thread 0x00007fa1a8132000 Threw 0x00000000ecba25a0 at /HUDSON/workspace/7u-2-build-linux-amd64/jdk7u80/2329/hotspot/src/share/vm/prims/jvm.cpp:1319
Event: 106.507 Thread 0x00007fa1a8128000 Threw 0x00000000eaa80370 at /HUDSON/workspace/7u-2-build-linux-amd64/jdk7u80/2329/hotspot/src/share/vm/prims/jvm.cpp:1319
Event: 106.877 Thread 0x00007fa1a8128000 Threw 0x00000000eaa857b0 at /HUDSON/workspace/7u-2-build-linux-amd64/jdk7u80/2329/hotspot/src/share/vm/prims/jvm.cpp:1319

Events (10 events):
Event: 117.705 Thread 0x00007fa1a812c800 Thread exited: 0x00007fa1a812c800
Event: 117.706 Thread 0x00007fa1a8132000 Uncommon trap: trap_request=0xffffffde fr.pc=0x00007fa1a50c12f0
Event: 117.706 Thread 0x00007fa1a8132000 DEOPT PACKING pc=0x00007fa1a50c12f0 sp=0x00007fa1a2768140
Event: 117.706 Thread 0x00007fa1a8132000 DEOPT UNPACKING pc=0x00007fa1a5039045 sp=0x00007fa1a2768108 mode 2
Event: 118.177 Thread 0x00007fa1a8132000 Thread exited: 0x00007fa1a8132000
Event: 118.353 Thread 0x00007fa1a8096800 flushing nmethod 0x00007fa1a50b11d0
Event: 118.473 Thread 0x00007fa1a8096800 flushing nmethod 0x00007fa1a50d5c10
Event: 118.486 Thread 0x00007fa1a8096800 flushing nmethod 0x00007fa1a50faa10
Event: 118.486 Thread 0x00007fa1a8096800 flushing nmethod 0x00007fa1a510ca50
Event: 120.471 Executing VM operation: ParallelGCFailedAllocation


Dynamic libraries:
00400000-00401000 r-xp 00000000 08:06 3943610                            /usr/lib/jvm/java-7-oracle/bin/java
00600000-00601000 rw-p 00000000 08:06 3943610                            /usr/lib/jvm/java-7-oracle/bin/java
02561000-02582000 rw-p 00000000 00:00 0                                  [heap]
bae00000-bc300000 rw-p 00000000 00:00 0 
bc300000-c0000000 rw-p 00000000 00:00 0 
c0000000-c4d80000 rw-p 00000000 00:00 0 
c4d80000-eaa80000 rw-p 00000000 00:00 0 
eaa80000-f2b80000 rw-p 00000000 00:00 0 
fc180000-100000000 rw-p 00000000 00:00 0 
7fa15c000000-7fa15c021000 rw-p 00000000 00:00 0 
7fa15c021000-7fa160000000 ---p 00000000 00:00 0 
7fa160000000-7fa16002c000 rw-p 00000000 00:00 0 
7fa16002c000-7fa164000000 ---p 00000000 00:00 0 
7fa164000000-7fa164021000 rw-p 00000000 00:00 0 
7fa164021000-7fa168000000 ---p 00000000 00:00 0 
7fa168000000-7fa168069000 rw-p 00000000 00:00 0 
7fa168069000-7fa16c000000 ---p 00000000 00:00 0 
7fa16c000000-7fa16c021000 rw-p 00000000 00:00 0 
7fa16c021000-7fa170000000 ---p 00000000 00:00 0 
7fa170000000-7fa170021000 rw-p 00000000 00:00 0 
7fa170021000-7fa174000000 ---p 00000000 00:00 0 
7fa174000000-7fa175050000 rw-p 00000000 00:00 0 
7fa175050000-7fa178000000 ---p 00000000 00:00 0 
7fa178000000-7fa178021000 rw-p 00000000 00:00 0 
7fa178021000-7fa17c000000 ---p 00000000 00:00 0 
7fa17c000000-7fa17c021000 rw-p 00000000 00:00 0 
7fa17c021000-7fa180000000 ---p 00000000 00:00 0 
7fa180000000-7fa181856000 rw-p 00000000 00:00 0 
7fa181856000-7fa184000000 ---p 00000000 00:00 0 
7fa184000000-7fa184021000 rw-p 00000000 00:00 0 
7fa184021000-7fa188000000 ---p 00000000 00:00 0 
7fa188000000-7fa188021000 rw-p 00000000 00:00 0 
7fa188021000-7fa18c000000 ---p 00000000 00:00 0 
7fa18c000000-7fa18c02a000 rw-p 00000000 00:00 0 
7fa18c02a000-7fa190000000 ---p 00000000 00:00 0 
7fa190000000-7fa190269000 rw-p 00000000 00:00 0 
7fa190269000-7fa194000000 ---p 00000000 00:00 0 
7fa194000000-7fa194021000 rw-p 00000000 00:00 0 
7fa194021000-7fa198000000 ---p 00000000 00:00 0 
7fa198000000-7fa198021000 rw-p 00000000 00:00 0 
7fa198021000-7fa19c000000 ---p 00000000 00:00 0 
7fa19c000000-7fa19c021000 rw-p 00000000 00:00 0 
7fa19c021000-7fa1a0000000 ---p 00000000 00:00 0 
7fa1a2669000-7fa1a266c000 ---p 00000000 00:00 0 
7fa1a266c000-7fa1a276a000 rw-p 00000000 00:00 0 
7fa1a276a000-7fa1a276d000 ---p 00000000 00:00 0 
7fa1a276d000-7fa1a286b000 rw-p 00000000 00:00 0 
7fa1a286b000-7fa1a286e000 ---p 00000000 00:00 0 
7fa1a286e000-7fa1a296c000 rw-p 00000000 00:00 0 
7fa1a296c000-7fa1a296f000 ---p 00000000 00:00 0 
7fa1a296f000-7fa1a2a6d000 rw-p 00000000 00:00 0 
7fa1a2a6d000-7fa1a2a70000 ---p 00000000 00:00 0 
7fa1a2a70000-7fa1a2b6e000 rw-p 00000000 00:00 0 
7fa1a2b6e000-7fa1a2b6f000 ---p 00000000 00:00 0 
7fa1a2b6f000-7fa1a2c6f000 rw-p 00000000 00:00 0 
7fa1a2c6f000-7fa1a2c72000 ---p 00000000 00:00 0 
7fa1a2c72000-7fa1a5000000 rw-p 00000000 00:00 0 
7fa1a5000000-7fa1a5270000 rwxp 00000000 00:00 0 
7fa1a5270000-7fa1a8145000 rw-p 00000000 00:00 0 
7fa1a8145000-7fa1ac000000 ---p 00000000 00:00 0 
7fa1ac084000-7fa1ac093000 r--s 000df000 00:2d 6031174                    /home/jacob/Android/Sdk/build-tools/23.0.3/lib/dx.jar
7fa1ac093000-7fa1ac096000 ---p 00000000 00:00 0 
7fa1ac096000-7fa1ac194000 rw-p 00000000 00:00 0 
7fa1ac194000-7fa1ac197000 ---p 00000000 00:00 0 
7fa1ac197000-7fa1ac295000 rw-p 00000000 00:00 0 
7fa1ac295000-7fa1ac298000 ---p 00000000 00:00 0 
7fa1ac298000-7fa1ac396000 rw-p 00000000 00:00 0 
7fa1ac396000-7fa1ac66e000 r--p 00000000 08:06 918029                     /usr/lib/locale/locale-archive
7fa1ac66e000-7fa1ac671000 ---p 00000000 00:00 0 
7fa1ac671000-7fa1ac76f000 rw-p 00000000 00:00 0 
7fa1ac76f000-7fa1ac772000 ---p 00000000 00:00 0 
7fa1ac772000-7fa1ac870000 rw-p 00000000 00:00 0 
7fa1ac870000-7fa1ac871000 ---p 00000000 00:00 0 
7fa1ac871000-7fa1ad970000 rw-p 00000000 00:00 0 
7fa1ad970000-7fa1adb30000 r--s 039fb000 08:06 3806858                    /usr/lib/jvm/java-7-oracle/jre/lib/rt.jar
7fa1adb30000-7fa1ade52000 rw-p 00000000 00:00 0 
7fa1ade52000-7fa1ade53000 ---p 00000000 00:00 0 
7fa1ade53000-7fa1adf53000 rw-p 00000000 00:00 0 
7fa1adf53000-7fa1adf54000 ---p 00000000 00:00 0 
7fa1adf54000-7fa1ae054000 rw-p 00000000 00:00 0 
7fa1ae054000-7fa1ae055000 ---p 00000000 00:00 0 
7fa1ae055000-7fa1ae155000 rw-p 00000000 00:00 0 
7fa1ae155000-7fa1ae156000 ---p 00000000 00:00 0 
7fa1ae156000-7fa1ae261000 rw-p 00000000 00:00 0 
7fa1ae261000-7fa1ae27f000 rw-p 00000000 00:00 0 
7fa1ae27f000-7fa1ae2a6000 rw-p 00000000 00:00 0 
7fa1ae2a6000-7fa1ae3d5000 rw-p 00000000 00:00 0 
7fa1ae3d5000-7fa1ae3e0000 rw-p 00000000 00:00 0 
7fa1ae3e0000-7fa1ae3fe000 rw-p 00000000 00:00 0 
7fa1ae3fe000-7fa1ae425000 rw-p 00000000 00:00 0 
7fa1ae425000-7fa1ae553000 rw-p 00000000 00:00 0 
7fa1ae553000-7fa1ae594000 rw-p 00000000 00:00 0 
7fa1ae594000-7fa1ae5fe000 rw-p 00000000 00:00 0 
7fa1ae5fe000-7fa1ae5ff000 rw-p 00000000 00:00 0 
7fa1ae5ff000-7fa1ae616000 r-xp 00000000 08:06 3802578                    /usr/lib/jvm/java-7-oracle/jre/lib/amd64/libzip.so
7fa1ae616000-7fa1ae816000 ---p 00017000 08:06 3802578                    /usr/lib/jvm/java-7-oracle/jre/lib/amd64/libzip.so
7fa1ae816000-7fa1ae817000 rw-p 00017000 08:06 3802578                    /usr/lib/jvm/java-7-oracle/jre/lib/amd64/libzip.so
7fa1ae817000-7fa1ae822000 r-xp 00000000 08:06 3145812                    /lib/x86_64-linux-gnu/libnss_files-2.23.so
7fa1ae822000-7fa1aea21000 ---p 0000b000 08:06 3145812                    /lib/x86_64-linux-gnu/libnss_files-2.23.so
7fa1aea21000-7fa1aea22000 r--p 0000a000 08:06 3145812                    /lib/x86_64-linux-gnu/libnss_files-2.23.so
7fa1aea22000-7fa1aea23000 rw-p 0000b000 08:06 3145812                    /lib/x86_64-linux-gnu/libnss_files-2.23.so
7fa1aea23000-7fa1aea29000 rw-p 00000000 00:00 0 
7fa1aea29000-7fa1aea34000 r-xp 00000000 08:06 3145807                    /lib/x86_64-linux-gnu/libnss_nis-2.23.so
7fa1aea34000-7fa1aec33000 ---p 0000b000 08:06 3145807                    /lib/x86_64-linux-gnu/libnss_nis-2.23.so
7fa1aec33000-7fa1aec34000 r--p 0000a000 08:06 3145807                    /lib/x86_64-linux-gnu/libnss_nis-2.23.so
7fa1aec34000-7fa1aec35000 rw-p 0000b000 08:06 3145807                    /lib/x86_64-linux-gnu/libnss_nis-2.23.so
7fa1aec35000-7fa1aec4b000 r-xp 00000000 08:06 3145805                    /lib/x86_64-linux-gnu/libnsl-2.23.so
7fa1aec4b000-7fa1aee4a000 ---p 00016000 08:06 3145805                    /lib/x86_64-linux-gnu/libnsl-2.23.so
7fa1aee4a000-7fa1aee4b000 r--p 00015000 08:06 3145805                    /lib/x86_64-linux-gnu/libnsl-2.23.so
7fa1aee4b000-7fa1aee4c000 rw-p 00016000 08:06 3145805                    /lib/x86_64-linux-gnu/libnsl-2.23.so
7fa1aee4c000-7fa1aee4e000 rw-p 00000000 00:00 0 
7fa1aee4e000-7fa1aee56000 r-xp 00000000 08:06 3145801                    /lib/x86_64-linux-gnu/libnss_compat-2.23.so
7fa1aee56000-7fa1af055000 ---p 00008000 08:06 3145801                    /lib/x86_64-linux-gnu/libnss_compat-2.23.so
7fa1af055000-7fa1af056000 r--p 00007000 08:06 3145801                    /lib/x86_64-linux-gnu/libnss_compat-2.23.so
7fa1af056000-7fa1af057000 rw-p 00008000 08:06 3145801                    /lib/x86_64-linux-gnu/libnss_compat-2.23.so
7fa1af057000-7fa1af080000 r-xp 00000000 08:06 3802544                    /usr/lib/jvm/java-7-oracle/jre/lib/amd64/libjava.so
7fa1af080000-7fa1af280000 ---p 00029000 08:06 3802544                    /usr/lib/jvm/java-7-oracle/jre/lib/amd64/libjava.so
7fa1af280000-7fa1af282000 rw-p 00029000 08:06 3802544                    /usr/lib/jvm/java-7-oracle/jre/lib/amd64/libjava.so
7fa1af282000-7fa1af28f000 r-xp 00000000 08:06 3802571                    /usr/lib/jvm/java-7-oracle/jre/lib/amd64/libverify.so
7fa1af28f000-7fa1af48e000 ---p 0000d000 08:06 3802571                    /usr/lib/jvm/java-7-oracle/jre/lib/amd64/libverify.so
7fa1af48e000-7fa1af490000 rw-p 0000c000 08:06 3802571                    /usr/lib/jvm/java-7-oracle/jre/lib/amd64/libverify.so
7fa1af490000-7fa1af497000 r-xp 00000000 08:06 3145839                    /lib/x86_64-linux-gnu/librt-2.23.so
7fa1af497000-7fa1af696000 ---p 00007000 08:06 3145839                    /lib/x86_64-linux-gnu/librt-2.23.so
7fa1af696000-7fa1af697000 r--p 00006000 08:06 3145839                    /lib/x86_64-linux-gnu/librt-2.23.so
7fa1af697000-7fa1af698000 rw-p 00007000 08:06 3145839                    /lib/x86_64-linux-gnu/librt-2.23.so
7fa1af698000-7fa1af7a0000 r-xp 00000000 08:06 3145828                    /lib/x86_64-linux-gnu/libm-2.23.so
7fa1af7a0000-7fa1af99f000 ---p 00108000 08:06 3145828                    /lib/x86_64-linux-gnu/libm-2.23.so
7fa1af99f000-7fa1af9a0000 r--p 00107000 08:06 3145828                    /lib/x86_64-linux-gnu/libm-2.23.so
7fa1af9a0000-7fa1af9a1000 rw-p 00108000 08:06 3145828                    /lib/x86_64-linux-gnu/libm-2.23.so
7fa1af9a1000-7fa1b0517000 r-xp 00000000 08:06 3802600                    /usr/lib/jvm/java-7-oracle/jre/lib/amd64/server/libjvm.so
7fa1b0517000-7fa1b0716000 ---p 00b76000 08:06 3802600                    /usr/lib/jvm/java-7-oracle/jre/lib/amd64/server/libjvm.so
7fa1b0716000-7fa1b07da000 rw-p 00b75000 08:06 3802600                    /usr/lib/jvm/java-7-oracle/jre/lib/amd64/server/libjvm.so
7fa1b07da000-7fa1b081b000 rw-p 00000000 00:00 0 
7fa1b081b000-7fa1b09db000 r-xp 00000000 08:06 3145897                    /lib/x86_64-linux-gnu/libc-2.23.so
7fa1b09db000-7fa1b0bda000 ---p 001c0000 08:06 3145897                    /lib/x86_64-linux-gnu/libc-2.23.so
7fa1b0bda000-7fa1b0bde000 r--p 001bf000 08:06 3145897                    /lib/x86_64-linux-gnu/libc-2.23.so
7fa1b0bde000-7fa1b0be0000 rw-p 001c3000 08:06 3145897                    /lib/x86_64-linux-gnu/libc-2.23.so
7fa1b0be0000-7fa1b0be4000 rw-p 00000000 00:00 0 
7fa1b0be4000-7fa1b0be7000 r-xp 00000000 08:06 3145901                    /lib/x86_64-linux-gnu/libdl-2.23.so
7fa1b0be7000-7fa1b0de6000 ---p 00003000 08:06 3145901                    /lib/x86_64-linux-gnu/libdl-2.23.so
7fa1b0de6000-7fa1b0de7000 r--p 00002000 08:06 3145901                    /lib/x86_64-linux-gnu/libdl-2.23.so
7fa1b0de7000-7fa1b0de8000 rw-p 00003000 08:06 3145901                    /lib/x86_64-linux-gnu/libdl-2.23.so
7fa1b0de8000-7fa1b0dfd000 r-xp 00000000 08:06 3935568                    /usr/lib/jvm/java-7-oracle/lib/amd64/jli/libjli.so
7fa1b0dfd000-7fa1b0ffc000 ---p 00015000 08:06 3935568                    /usr/lib/jvm/java-7-oracle/lib/amd64/jli/libjli.so
7fa1b0ffc000-7fa1b0ffd000 rw-p 00014000 08:06 3935568                    /usr/lib/jvm/java-7-oracle/lib/amd64/jli/libjli.so
7fa1b0ffd000-7fa1b1015000 r-xp 00000000 08:06 3145896                    /lib/x86_64-linux-gnu/libpthread-2.23.so
7fa1b1015000-7fa1b1214000 ---p 00018000 08:06 3145896                    /lib/x86_64-linux-gnu/libpthread-2.23.so
7fa1b1214000-7fa1b1215000 r--p 00017000 08:06 3145896                    /lib/x86_64-linux-gnu/libpthread-2.23.so
7fa1b1215000-7fa1b1216000 rw-p 00018000 08:06 3145896                    /lib/x86_64-linux-gnu/libpthread-2.23.so
7fa1b1216000-7fa1b121a000 rw-p 00000000 00:00 0 
7fa1b121a000-7fa1b1240000 r-xp 00000000 08:06 3145877                    /lib/x86_64-linux-gnu/ld-2.23.so
7fa1b124e000-7fa1b1258000 rw-p 00000000 00:00 0 
7fa1b1258000-7fa1b130e000 rw-p 00000000 00:00 0 
7fa1b130e000-7fa1b1311000 ---p 00000000 00:00 0 
7fa1b1311000-7fa1b1413000 rw-p 00000000 00:00 0 
7fa1b141d000-7fa1b1433000 rw-p 00000000 00:00 0 
7fa1b1433000-7fa1b143b000 rw-s 00000000 08:06 655511                     /tmp/hsperfdata_jacob/19464
7fa1b143b000-7fa1b143c000 rw-p 00000000 00:00 0 
7fa1b143c000-7fa1b143d000 ---p 00000000 00:00 0 
7fa1b143d000-7fa1b143f000 rw-p 00000000 00:00 0 
7fa1b143f000-7fa1b1440000 r--p 00025000 08:06 3145877                    /lib/x86_64-linux-gnu/ld-2.23.so
7fa1b1440000-7fa1b1441000 rw-p 00026000 08:06 3145877                    /lib/x86_64-linux-gnu/ld-2.23.so
7fa1b1441000-7fa1b1442000 rw-p 00000000 00:00 0 
7ffec550f000-7ffec5530000 rw-p 00000000 00:00 0                          [stack]
7ffec557f000-7ffec5581000 r--p 00000000 00:00 0                          [vvar]
7ffec5581000-7ffec5583000 r-xp 00000000 00:00 0                          [vdso]
ffffffffff600000-ffffffffff601000 r-xp 00000000 00:00 0                  [vsyscall]

VM Arguments:
jvm_args: -Djava.awt.headless=true -Xmx1024M -Dfile.encoding=UTF-8 -Duser.country=US -Duser.language=en -Duser.variant 
java_command: com.android.dx.command.Main --dex --force-jumbo --num-threads=4 --multi-dex --output /home/jacob/AndroidStudioProjects/ClevelandRTANextBusTrain/app/build/intermediates/transforms/dex/debug/folders/1000/5/slice_9 /home/jacob/AndroidStudioProjects/ClevelandRTANextBusTrain/app/build/intermediates/transforms/instantRunSlicer/debug/folders/1/5/slice_9
Launcher Type: SUN_STANDARD

Environment Variables:
JAVA_HOME=/usr/lib/jvm/java-7-oracle
PATH=/usr/local/sbin:/usr/local/bin:/usr/sbin:/usr/bin:/sbin:/bin:/usr/games:/usr/local/games:/opt/android-studio/bin/:/snap/bin
LD_LIBRARY_PATH=/opt/android-studio/bin:
SHELL=/bin/bash
DISPLAY=:0

Signal Handlers:
SIGSEGV: [libjvm.so+0x9a3b20], sa_mask[0]=0x7ffbfeff, sa_flags=0x10000004
SIGBUS: [libjvm.so+0x9a3b20], sa_mask[0]=0x7ffbfeff, sa_flags=0x10000004
SIGFPE: [libjvm.so+0x81e740], sa_mask[0]=0x7ffbfeff, sa_flags=0x10000004
SIGPIPE: [libjvm.so+0x81e740], sa_mask[0]=0x7ffbfeff, sa_flags=0x10000004
SIGXFSZ: [libjvm.so+0x81e740], sa_mask[0]=0x7ffbfeff, sa_flags=0x10000004
SIGILL: [libjvm.so+0x81e740], sa_mask[0]=0x7ffbfeff, sa_flags=0x10000004
SIGUSR1: SIG_DFL, sa_mask[0]=0x00000000, sa_flags=0x00000000
SIGUSR2: [libjvm.so+0x81ffb0], sa_mask[0]=0x00000004, sa_flags=0x10000004
SIGHUP: [libjvm.so+0x8210d0], sa_mask[0]=0x7ffbfeff, sa_flags=0x10000004
SIGINT: [libjvm.so+0x8210d0], sa_mask[0]=0x7ffbfeff, sa_flags=0x10000004
SIGTERM: [libjvm.so+0x8210d0], sa_mask[0]=0x7ffbfeff, sa_flags=0x10000004
SIGQUIT: [libjvm.so+0x8210d0], sa_mask[0]=0x7ffbfeff, sa_flags=0x10000004


---------------  S Y S T E M  ---------------

OS:stretch/sid

uname:Linux 4.4.0-22-generic #40-Ubuntu SMP Thu May 12 22:03:46 UTC 2016 x86_64
libc:glibc 2.23 NPTL 2.23 
rlimit: STACK 8192k, CORE 0k, NPROC 29444, NOFILE 65536, AS infinity
load average:60.24 31.95 17.10

/proc/meminfo:
MemTotal:        7622608 kB
MemFree:           52320 kB
MemAvailable:     141380 kB
Buffers:            5212 kB
Cached:           173648 kB
SwapCached:            0 kB
Active:          5468556 kB
Inactive:         124168 kB
Active(anon):    5432148 kB
Inactive(anon):    91396 kB
Active(file):      36408 kB
Inactive(file):    32772 kB
Unevictable:          64 kB
Mlocked:              64 kB
SwapTotal:             0 kB
SwapFree:              0 kB
Dirty:               312 kB
Writeback:             0 kB
AnonPages:       5414812 kB
Mapped:           154196 kB
Shmem:            108844 kB
Slab:             147296 kB
SReclaimable:      60956 kB
SUnreclaim:        86340 kB
KernelStack:       12752 kB
PageTables:        52968 kB
NFS_Unstable:          0 kB
Bounce:                0 kB
WritebackTmp:          0 kB
CommitLimit:     3811304 kB
Committed_AS:   11887520 kB
VmallocTotal:   34359738367 kB
VmallocUsed:           0 kB
VmallocChunk:          0 kB
HardwareCorrupted:     0 kB
AnonHugePages:   1947648 kB
CmaTotal:              0 kB
CmaFree:               0 kB
HugePages_Total:       0
HugePages_Free:        0
HugePages_Rsvd:        0
HugePages_Surp:        0
Hugepagesize:       2048 kB
DirectMap4k:     5577148 kB
DirectMap2M:     2250752 kB
DirectMap1G:     1048576 kB


CPU:total 4 (4 cores per cpu, 1 threads per core) family 22 model 0 stepping 1, cmov, cx8, fxsr, mmx, sse, sse2, sse3, ssse3, sse4.1, sse4.2, popcnt, avx, aes, mmxext, 3dnowpref, lzcnt, sse4a, tsc, tscinvbit, tscinv

/proc/cpuinfo:
processor	: 0
vendor_id	: AuthenticAMD
cpu family	: 22
model		: 0
model name	: AMD A6-5200 APU with Radeon(TM) HD Graphics
stepping	: 1
microcode	: 0x700010b
cpu MHz		: 2000.000
cache size	: 2048 KB
physical id	: 0
siblings	: 4
core id		: 0
cpu cores	: 4
apicid		: 0
initial apicid	: 0
fpu		: yes
fpu_exception	: yes
cpuid level	: 13
wp		: yes
flags		: fpu vme de pse tsc msr pae mce cx8 apic sep mtrr pge mca cmov pat pse36 clflush mmx fxsr sse sse2 ht syscall nx mmxext fxsr_opt pdpe1gb rdtscp lm constant_tsc rep_good nopl nonstop_tsc extd_apicid aperfmperf eagerfpu pni pclmulqdq monitor ssse3 cx16 sse4_1 sse4_2 movbe popcnt aes xsave avx f16c lahf_lm cmp_legacy svm extapic cr8_legacy abm sse4a misalignsse 3dnowprefetch osvw ibs skinit wdt topoext perfctr_nb bpext perfctr_l2 hw_pstate proc_feedback vmmcall bmi1 xsaveopt arat npt lbrv svm_lock nrip_save tsc_scale flushbyasid decodeassists pausefilter pfthreshold
bugs		: fxsave_leak sysret_ss_attrs
bogomips	: 3992.62
TLB size	: 1024 4K pages
clflush size	: 64
cache_alignment	: 64
address sizes	: 40 bits physical, 48 bits virtual
power management: ts ttp tm 100mhzsteps hwpstate [11]

processor	: 1
vendor_id	: AuthenticAMD
cpu family	: 22
model		: 0
model name	: AMD A6-5200 APU with Radeon(TM) HD Graphics
stepping	: 1
microcode	: 0x700010b
cpu MHz		: 2000.000
cache size	: 2048 KB
physical id	: 0
siblings	: 4
core id		: 1
cpu cores	: 4
apicid		: 1
initial apicid	: 1
fpu		: yes
fpu_exception	: yes
cpuid level	: 13
wp		: yes
flags		: fpu vme de pse tsc msr pae mce cx8 apic sep mtrr pge mca cmov pat pse36 clflush mmx fxsr sse sse2 ht syscall nx mmxext fxsr_opt pdpe1gb rdtscp lm constant_tsc rep_good nopl nonstop_tsc extd_apicid aperfmperf eagerfpu pni pclmulqdq monitor ssse3 cx16 sse4_1 sse4_2 movbe popcnt aes xsave avx f16c lahf_lm cmp_legacy svm extapic cr8_legacy abm sse4a misalignsse 3dnowprefetch osvw ibs skinit wdt topoext perfctr_nb bpext perfctr_l2 hw_pstate proc_feedback vmmcall bmi1 xsaveopt arat npt lbrv svm_lock nrip_save tsc_scale flushbyasid decodeassists pausefilter pfthreshold
bugs		: fxsave_leak sysret_ss_attrs
bogomips	: 3992.62
TLB size	: 1024 4K pages
clflush size	: 64
cache_alignment	: 64
address sizes	: 40 bits physical, 48 bits virtual
power management: ts ttp tm 100mhzsteps hwpstate [11]

processor	: 2
vendor_id	: AuthenticAMD
cpu family	: 22
model		: 0
model name	: AMD A6-5200 APU with Radeon(TM) HD Graphics
stepping	: 1
microcode	: 0x700010b
cpu MHz		: 1800.000
cache size	: 2048 KB
physical id	: 0
siblings	: 4
core id		: 2
cpu cores	: 4
apicid		: 2
initial apicid	: 2
fpu		: yes
fpu_exception	: yes
cpuid level	: 13
wp		: yes
flags		: fpu vme de pse tsc msr pae mce cx8 apic sep mtrr pge mca cmov pat pse36 clflush mmx fxsr sse sse2 ht syscall nx mmxext fxsr_opt pdpe1gb rdtscp lm constant_tsc rep_good nopl nonstop_tsc extd_apicid aperfmperf eagerfpu pni pclmulqdq monitor ssse3 cx16 sse4_1 sse4_2 movbe popcnt aes xsave avx f16c lahf_lm cmp_legacy svm extapic cr8_legacy abm sse4a misalignsse 3dnowprefetch osvw ibs skinit wdt topoext perfctr_nb bpext perfctr_l2 hw_pstate proc_feedback vmmcall bmi1 xsaveopt arat npt lbrv svm_lock nrip_save tsc_scale flushbyasid decodeassists pausefilter pfthreshold
bugs		: fxsave_leak sysret_ss_attrs
bogomips	: 3992.62
TLB size	: 1024 4K pages
clflush size	: 64
cache_alignment	: 64
address sizes	: 40 bits physical, 48 bits virtual
power management: ts ttp tm 100mhzsteps hwpstate [11]

processor	: 3
vendor_id	: AuthenticAMD
cpu family	: 22
model		: 0
model name	: AMD A6-5200 APU with Radeon(TM) HD Graphics
stepping	: 1
microcode	: 0x700010b
cpu MHz		: 800.000
cache size	: 2048 KB
physical id	: 0
siblings	: 4
core id		: 3
cpu cores	: 4
apicid		: 3
initial apicid	: 3
fpu		: yes
fpu_exception	: yes
cpuid level	: 13
wp		: yes
flags		: fpu vme de pse tsc msr pae mce cx8 apic sep mtrr pge mca cmov pat pse36 clflush mmx fxsr sse sse2 ht syscall nx mmxext fxsr_opt pdpe1gb rdtscp lm constant_tsc rep_good nopl nonstop_tsc extd_apicid aperfmperf eagerfpu pni pclmulqdq monitor ssse3 cx16 sse4_1 sse4_2 movbe popcnt aes xsave avx f16c lahf_lm cmp_legacy svm extapic cr8_legacy abm sse4a misalignsse 3dnowprefetch osvw ibs skinit wdt topoext perfctr_nb bpext perfctr_l2 hw_pstate proc_feedback vmmcall bmi1 xsaveopt arat npt lbrv svm_lock nrip_save tsc_scale flushbyasid decodeassists pausefilter pfthreshold
bugs		: fxsave_leak sysret_ss_attrs
bogomips	: 3992.62
TLB size	: 1024 4K pages
clflush size	: 64
cache_alignment	: 64
address sizes	: 40 bits physical, 48 bits virtual
power management: ts ttp tm 100mhzsteps hwpstate [11]



Memory: 4k page, physical 7622608k(52320k free), swap 0k(0k free)

vm_info: Java HotSpot(TM) 64-Bit Server VM (24.80-b11) for linux-amd64 JRE (1.7.0_80-b15), built on Apr 10 2015 19:53:14 by "java_re" with gcc 4.3.0 20080428 (Red Hat 4.3.0-8)

time: Mon May 30 22:46:02 2016
elapsed time: 123 seconds

